Start testing: Nov 29 04:07 UTC
----------------------------------------------------------
1/50 Testing: Pivot.Empty
1/50 Test: Pivot.Empty
Command: "/usr/bin/valgrind" "--tool=memcheck" "--leak-check=yes" "--trace-children=no" "/home/codio/workspace/hw3/hw3_tests/llrec_tests/llrec_tests" "--gtest_filter=Pivot.Empty"
Directory: /home/codio/workspace/hw3/hw3_tests/llrec_tests
"Pivot.Empty" start time: Nov 29 04:07 UTC
Output:
----------------------------------------------------------
==4599== Memcheck, a memory error detector
==4599== Copyright (C) 2002-2017, and GNU GPL'd, by Julian Seward et al.
==4599== Using Valgrind-3.13.0 and LibVEX; rerun with -h for copyright info
==4599== Command: /home/codio/workspace/hw3/hw3_tests/llrec_tests/llrec_tests --gtest_filter=Pivot.Empty
==4599== 
Running main() from /home/codio/googletest/googletest/src/gtest_main.cc
Note: Google Test filter = Pivot.Empty
[==========] Running 1 test from 1 test suite.
[----------] Global test environment set-up.
[----------] 1 test from Pivot
[ RUN      ] Pivot.Empty
[       OK ] Pivot.Empty (19 ms)
[----------] 1 test from Pivot (28 ms total)

[----------] Global test environment tear-down
[==========] 1 test from 1 test suite ran. (93 ms total)
[  PASSED  ] 1 test.
==4599== 
==4599== HEAP SUMMARY:
==4599==     in use at exit: 0 bytes in 0 blocks
==4599==   total heap usage: 404 allocs, 404 frees, 133,083 bytes allocated
==4599== 
==4599== All heap blocks were freed -- no leaks are possible
==4599== 
==4599== For counts of detected and suppressed errors, rerun with: -v
==4599== ERROR SUMMARY: 0 errors from 0 contexts (suppressed: 0 from 0)
<end of output>
Test time =   1.44 sec
----------------------------------------------------------
Test Passed.
"Pivot.Empty" end time: Nov 29 04:07 UTC
"Pivot.Empty" time elapsed: 00:00:01
----------------------------------------------------------

2/50 Testing: Pivot.Size1SmallEmpty
2/50 Test: Pivot.Size1SmallEmpty
Command: "/usr/bin/valgrind" "--tool=memcheck" "--leak-check=yes" "--trace-children=no" "/home/codio/workspace/hw3/hw3_tests/llrec_tests/llrec_tests" "--gtest_filter=Pivot.Size1SmallEmpty"
Directory: /home/codio/workspace/hw3/hw3_tests/llrec_tests
"Pivot.Size1SmallEmpty" start time: Nov 29 04:07 UTC
Output:
----------------------------------------------------------
==4600== Memcheck, a memory error detector
==4600== Copyright (C) 2002-2017, and GNU GPL'd, by Julian Seward et al.
==4600== Using Valgrind-3.13.0 and LibVEX; rerun with -h for copyright info
==4600== Command: /home/codio/workspace/hw3/hw3_tests/llrec_tests/llrec_tests --gtest_filter=Pivot.Size1SmallEmpty
==4600== 
Running main() from /home/codio/googletest/googletest/src/gtest_main.cc
Note: Google Test filter = Pivot.Size1SmallEmpty
[==========] Running 1 test from 1 test suite.
[----------] Global test environment set-up.
[----------] 1 test from Pivot
[ RUN      ] Pivot.Size1SmallEmpty
[       OK ] Pivot.Size1SmallEmpty (31 ms)
[----------] 1 test from Pivot (40 ms total)

[----------] Global test environment tear-down
[==========] 1 test from 1 test suite ran. (92 ms total)
[  PASSED  ] 1 test.
==4600== 
==4600== HEAP SUMMARY:
==4600==     in use at exit: 0 bytes in 0 blocks
==4600==   total heap usage: 413 allocs, 413 frees, 133,328 bytes allocated
==4600== 
==4600== All heap blocks were freed -- no leaks are possible
==4600== 
==4600== For counts of detected and suppressed errors, rerun with: -v
==4600== ERROR SUMMARY: 0 errors from 0 contexts (suppressed: 0 from 0)
<end of output>
Test time =   1.44 sec
----------------------------------------------------------
Test Passed.
"Pivot.Size1SmallEmpty" end time: Nov 29 04:07 UTC
"Pivot.Size1SmallEmpty" time elapsed: 00:00:01
----------------------------------------------------------

3/50 Testing: Pivot.Size1LargeEmpty
3/50 Test: Pivot.Size1LargeEmpty
Command: "/usr/bin/valgrind" "--tool=memcheck" "--leak-check=yes" "--trace-children=no" "/home/codio/workspace/hw3/hw3_tests/llrec_tests/llrec_tests" "--gtest_filter=Pivot.Size1LargeEmpty"
Directory: /home/codio/workspace/hw3/hw3_tests/llrec_tests
"Pivot.Size1LargeEmpty" start time: Nov 29 04:07 UTC
Output:
----------------------------------------------------------
==4601== Memcheck, a memory error detector
==4601== Copyright (C) 2002-2017, and GNU GPL'd, by Julian Seward et al.
==4601== Using Valgrind-3.13.0 and LibVEX; rerun with -h for copyright info
==4601== Command: /home/codio/workspace/hw3/hw3_tests/llrec_tests/llrec_tests --gtest_filter=Pivot.Size1LargeEmpty
==4601== 
Running main() from /home/codio/googletest/googletest/src/gtest_main.cc
Note: Google Test filter = Pivot.Size1LargeEmpty
[==========] Running 1 test from 1 test suite.
[----------] Global test environment set-up.
[----------] 1 test from Pivot
[ RUN      ] Pivot.Size1LargeEmpty
[       OK ] Pivot.Size1LargeEmpty (31 ms)
[----------] 1 test from Pivot (40 ms total)

[----------] Global test environment tear-down
[==========] 1 test from 1 test suite ran. (92 ms total)
[  PASSED  ] 1 test.
==4601== 
==4601== HEAP SUMMARY:
==4601==     in use at exit: 0 bytes in 0 blocks
==4601==   total heap usage: 413 allocs, 413 frees, 133,328 bytes allocated
==4601== 
==4601== All heap blocks were freed -- no leaks are possible
==4601== 
==4601== For counts of detected and suppressed errors, rerun with: -v
==4601== ERROR SUMMARY: 0 errors from 0 contexts (suppressed: 0 from 0)
<end of output>
Test time =   1.44 sec
----------------------------------------------------------
Test Passed.
"Pivot.Size1LargeEmpty" end time: Nov 29 04:07 UTC
"Pivot.Size1LargeEmpty" time elapsed: 00:00:01
----------------------------------------------------------

4/50 Testing: Pivot.Size2SmallLarge
4/50 Test: Pivot.Size2SmallLarge
Command: "/usr/bin/valgrind" "--tool=memcheck" "--leak-check=yes" "--trace-children=no" "/home/codio/workspace/hw3/hw3_tests/llrec_tests/llrec_tests" "--gtest_filter=Pivot.Size2SmallLarge"
Directory: /home/codio/workspace/hw3/hw3_tests/llrec_tests
"Pivot.Size2SmallLarge" start time: Nov 29 04:07 UTC
Output:
----------------------------------------------------------
==4602== Memcheck, a memory error detector
==4602== Copyright (C) 2002-2017, and GNU GPL'd, by Julian Seward et al.
==4602== Using Valgrind-3.13.0 and LibVEX; rerun with -h for copyright info
==4602== Command: /home/codio/workspace/hw3/hw3_tests/llrec_tests/llrec_tests --gtest_filter=Pivot.Size2SmallLarge
==4602== 
Running main() from /home/codio/googletest/googletest/src/gtest_main.cc
Note: Google Test filter = Pivot.Size2SmallLarge
[==========] Running 1 test from 1 test suite.
[----------] Global test environment set-up.
[----------] 1 test from Pivot
[ RUN      ] Pivot.Size2SmallLarge
[       OK ] Pivot.Size2SmallLarge (32 ms)
[----------] 1 test from Pivot (41 ms total)

[----------] Global test environment tear-down
[==========] 1 test from 1 test suite ran. (94 ms total)
[  PASSED  ] 1 test.
==4602== 
==4602== HEAP SUMMARY:
==4602==     in use at exit: 0 bytes in 0 blocks
==4602==   total heap usage: 415 allocs, 415 frees, 133,352 bytes allocated
==4602== 
==4602== All heap blocks were freed -- no leaks are possible
==4602== 
==4602== For counts of detected and suppressed errors, rerun with: -v
==4602== ERROR SUMMARY: 0 errors from 0 contexts (suppressed: 0 from 0)
<end of output>
Test time =   1.45 sec
----------------------------------------------------------
Test Passed.
"Pivot.Size2SmallLarge" end time: Nov 29 04:07 UTC
"Pivot.Size2SmallLarge" time elapsed: 00:00:01
----------------------------------------------------------

5/50 Testing: Pivot.Size2LargeSmall
5/50 Test: Pivot.Size2LargeSmall
Command: "/usr/bin/valgrind" "--tool=memcheck" "--leak-check=yes" "--trace-children=no" "/home/codio/workspace/hw3/hw3_tests/llrec_tests/llrec_tests" "--gtest_filter=Pivot.Size2LargeSmall"
Directory: /home/codio/workspace/hw3/hw3_tests/llrec_tests
"Pivot.Size2LargeSmall" start time: Nov 29 04:07 UTC
Output:
----------------------------------------------------------
==4603== Memcheck, a memory error detector
==4603== Copyright (C) 2002-2017, and GNU GPL'd, by Julian Seward et al.
==4603== Using Valgrind-3.13.0 and LibVEX; rerun with -h for copyright info
==4603== Command: /home/codio/workspace/hw3/hw3_tests/llrec_tests/llrec_tests --gtest_filter=Pivot.Size2LargeSmall
==4603== 
Running main() from /home/codio/googletest/googletest/src/gtest_main.cc
Note: Google Test filter = Pivot.Size2LargeSmall
[==========] Running 1 test from 1 test suite.
[----------] Global test environment set-up.
[----------] 1 test from Pivot
[ RUN      ] Pivot.Size2LargeSmall
[       OK ] Pivot.Size2LargeSmall (32 ms)
[----------] 1 test from Pivot (43 ms total)

[----------] Global test environment tear-down
[==========] 1 test from 1 test suite ran. (98 ms total)
[  PASSED  ] 1 test.
==4603== 
==4603== HEAP SUMMARY:
==4603==     in use at exit: 0 bytes in 0 blocks
==4603==   total heap usage: 415 allocs, 415 frees, 133,352 bytes allocated
==4603== 
==4603== All heap blocks were freed -- no leaks are possible
==4603== 
==4603== For counts of detected and suppressed errors, rerun with: -v
==4603== ERROR SUMMARY: 0 errors from 0 contexts (suppressed: 0 from 0)
<end of output>
Test time =   1.45 sec
----------------------------------------------------------
Test Passed.
"Pivot.Size2LargeSmall" end time: Nov 29 04:07 UTC
"Pivot.Size2LargeSmall" time elapsed: 00:00:01
----------------------------------------------------------

6/50 Testing: Pivot.Size3LargeSmallLarge
6/50 Test: Pivot.Size3LargeSmallLarge
Command: "/usr/bin/valgrind" "--tool=memcheck" "--leak-check=yes" "--trace-children=no" "/home/codio/workspace/hw3/hw3_tests/llrec_tests/llrec_tests" "--gtest_filter=Pivot.Size3LargeSmallLarge"
Directory: /home/codio/workspace/hw3/hw3_tests/llrec_tests
"Pivot.Size3LargeSmallLarge" start time: Nov 29 04:07 UTC
Output:
----------------------------------------------------------
==4604== Memcheck, a memory error detector
==4604== Copyright (C) 2002-2017, and GNU GPL'd, by Julian Seward et al.
==4604== Using Valgrind-3.13.0 and LibVEX; rerun with -h for copyright info
==4604== Command: /home/codio/workspace/hw3/hw3_tests/llrec_tests/llrec_tests --gtest_filter=Pivot.Size3LargeSmallLarge
==4604== 
Running main() from /home/codio/googletest/googletest/src/gtest_main.cc
Note: Google Test filter = Pivot.Size3LargeSmallLarge
[==========] Running 1 test from 1 test suite.
[----------] Global test environment set-up.
[----------] 1 test from Pivot
[ RUN      ] Pivot.Size3LargeSmallLarge
[       OK ] Pivot.Size3LargeSmallLarge (33 ms)
[----------] 1 test from Pivot (42 ms total)

[----------] Global test environment tear-down
[==========] 1 test from 1 test suite ran. (98 ms total)
[  PASSED  ] 1 test.
==4604== 
==4604== HEAP SUMMARY:
==4604==     in use at exit: 0 bytes in 0 blocks
==4604==   total heap usage: 416 allocs, 416 frees, 133,426 bytes allocated
==4604== 
==4604== All heap blocks were freed -- no leaks are possible
==4604== 
==4604== For counts of detected and suppressed errors, rerun with: -v
==4604== ERROR SUMMARY: 0 errors from 0 contexts (suppressed: 0 from 0)
<end of output>
Test time =   1.51 sec
----------------------------------------------------------
Test Passed.
"Pivot.Size3LargeSmallLarge" end time: Nov 29 04:07 UTC
"Pivot.Size3LargeSmallLarge" time elapsed: 00:00:01
----------------------------------------------------------

7/50 Testing: Pivot.Size3SmallLargeSmall
7/50 Test: Pivot.Size3SmallLargeSmall
Command: "/usr/bin/valgrind" "--tool=memcheck" "--leak-check=yes" "--trace-children=no" "/home/codio/workspace/hw3/hw3_tests/llrec_tests/llrec_tests" "--gtest_filter=Pivot.Size3SmallLargeSmall"
Directory: /home/codio/workspace/hw3/hw3_tests/llrec_tests
"Pivot.Size3SmallLargeSmall" start time: Nov 29 04:07 UTC
Output:
----------------------------------------------------------
==4605== Memcheck, a memory error detector
==4605== Copyright (C) 2002-2017, and GNU GPL'd, by Julian Seward et al.
==4605== Using Valgrind-3.13.0 and LibVEX; rerun with -h for copyright info
==4605== Command: /home/codio/workspace/hw3/hw3_tests/llrec_tests/llrec_tests --gtest_filter=Pivot.Size3SmallLargeSmall
==4605== 
Running main() from /home/codio/googletest/googletest/src/gtest_main.cc
Note: Google Test filter = Pivot.Size3SmallLargeSmall
[==========] Running 1 test from 1 test suite.
[----------] Global test environment set-up.
[----------] 1 test from Pivot
[ RUN      ] Pivot.Size3SmallLargeSmall
[       OK ] Pivot.Size3SmallLargeSmall (33 ms)
[----------] 1 test from Pivot (42 ms total)

[----------] Global test environment tear-down
[==========] 1 test from 1 test suite ran. (94 ms total)
[  PASSED  ] 1 test.
==4605== 
==4605== HEAP SUMMARY:
==4605==     in use at exit: 0 bytes in 0 blocks
==4605==   total heap usage: 416 allocs, 416 frees, 133,426 bytes allocated
==4605== 
==4605== All heap blocks were freed -- no leaks are possible
==4605== 
==4605== For counts of detected and suppressed errors, rerun with: -v
==4605== ERROR SUMMARY: 0 errors from 0 contexts (suppressed: 0 from 0)
<end of output>
Test time =   1.47 sec
----------------------------------------------------------
Test Passed.
"Pivot.Size3SmallLargeSmall" end time: Nov 29 04:07 UTC
"Pivot.Size3SmallLargeSmall" time elapsed: 00:00:01
----------------------------------------------------------

8/50 Testing: Pivot.Size3LargeLargeSmall
8/50 Test: Pivot.Size3LargeLargeSmall
Command: "/usr/bin/valgrind" "--tool=memcheck" "--leak-check=yes" "--trace-children=no" "/home/codio/workspace/hw3/hw3_tests/llrec_tests/llrec_tests" "--gtest_filter=Pivot.Size3LargeLargeSmall"
Directory: /home/codio/workspace/hw3/hw3_tests/llrec_tests
"Pivot.Size3LargeLargeSmall" start time: Nov 29 04:07 UTC
Output:
----------------------------------------------------------
==4606== Memcheck, a memory error detector
==4606== Copyright (C) 2002-2017, and GNU GPL'd, by Julian Seward et al.
==4606== Using Valgrind-3.13.0 and LibVEX; rerun with -h for copyright info
==4606== Command: /home/codio/workspace/hw3/hw3_tests/llrec_tests/llrec_tests --gtest_filter=Pivot.Size3LargeLargeSmall
==4606== 
Running main() from /home/codio/googletest/googletest/src/gtest_main.cc
Note: Google Test filter = Pivot.Size3LargeLargeSmall
[==========] Running 1 test from 1 test suite.
[----------] Global test environment set-up.
[----------] 1 test from Pivot
[ RUN      ] Pivot.Size3LargeLargeSmall
[       OK ] Pivot.Size3LargeLargeSmall (32 ms)
[----------] 1 test from Pivot (41 ms total)

[----------] Global test environment tear-down
[==========] 1 test from 1 test suite ran. (92 ms total)
[  PASSED  ] 1 test.
==4606== 
==4606== HEAP SUMMARY:
==4606==     in use at exit: 0 bytes in 0 blocks
==4606==   total heap usage: 416 allocs, 416 frees, 133,426 bytes allocated
==4606== 
==4606== All heap blocks were freed -- no leaks are possible
==4606== 
==4606== For counts of detected and suppressed errors, rerun with: -v
==4606== ERROR SUMMARY: 0 errors from 0 contexts (suppressed: 0 from 0)
<end of output>
Test time =   1.44 sec
----------------------------------------------------------
Test Passed.
"Pivot.Size3LargeLargeSmall" end time: Nov 29 04:07 UTC
"Pivot.Size3LargeLargeSmall" time elapsed: 00:00:01
----------------------------------------------------------

9/50 Testing: Pivot.Size6SmallThenLarge
9/50 Test: Pivot.Size6SmallThenLarge
Command: "/usr/bin/valgrind" "--tool=memcheck" "--leak-check=yes" "--trace-children=no" "/home/codio/workspace/hw3/hw3_tests/llrec_tests/llrec_tests" "--gtest_filter=Pivot.Size6SmallThenLarge"
Directory: /home/codio/workspace/hw3/hw3_tests/llrec_tests
"Pivot.Size6SmallThenLarge" start time: Nov 29 04:07 UTC
Output:
----------------------------------------------------------
==4607== Memcheck, a memory error detector
==4607== Copyright (C) 2002-2017, and GNU GPL'd, by Julian Seward et al.
==4607== Using Valgrind-3.13.0 and LibVEX; rerun with -h for copyright info
==4607== Command: /home/codio/workspace/hw3/hw3_tests/llrec_tests/llrec_tests --gtest_filter=Pivot.Size6SmallThenLarge
==4607== 
Running main() from /home/codio/googletest/googletest/src/gtest_main.cc
Note: Google Test filter = Pivot.Size6SmallThenLarge
[==========] Running 1 test from 1 test suite.
[----------] Global test environment set-up.
[----------] 1 test from Pivot
[ RUN      ] Pivot.Size6SmallThenLarge
[       OK ] Pivot.Size6SmallThenLarge (32 ms)
[----------] 1 test from Pivot (41 ms total)

[----------] Global test environment tear-down
[==========] 1 test from 1 test suite ran. (93 ms total)
[  PASSED  ] 1 test.
==4607== 
==4607== HEAP SUMMARY:
==4607==     in use at exit: 0 bytes in 0 blocks
==4607==   total heap usage: 419 allocs, 419 frees, 133,488 bytes allocated
==4607== 
==4607== All heap blocks were freed -- no leaks are possible
==4607== 
==4607== For counts of detected and suppressed errors, rerun with: -v
==4607== ERROR SUMMARY: 0 errors from 0 contexts (suppressed: 0 from 0)
<end of output>
Test time =   1.50 sec
----------------------------------------------------------
Test Passed.
"Pivot.Size6SmallThenLarge" end time: Nov 29 04:07 UTC
"Pivot.Size6SmallThenLarge" time elapsed: 00:00:01
----------------------------------------------------------

10/50 Testing: Pivot.Size6LargeThenSmall
10/50 Test: Pivot.Size6LargeThenSmall
Command: "/usr/bin/valgrind" "--tool=memcheck" "--leak-check=yes" "--trace-children=no" "/home/codio/workspace/hw3/hw3_tests/llrec_tests/llrec_tests" "--gtest_filter=Pivot.Size6LargeThenSmall"
Directory: /home/codio/workspace/hw3/hw3_tests/llrec_tests
"Pivot.Size6LargeThenSmall" start time: Nov 29 04:07 UTC
Output:
----------------------------------------------------------
==4608== Memcheck, a memory error detector
==4608== Copyright (C) 2002-2017, and GNU GPL'd, by Julian Seward et al.
==4608== Using Valgrind-3.13.0 and LibVEX; rerun with -h for copyright info
==4608== Command: /home/codio/workspace/hw3/hw3_tests/llrec_tests/llrec_tests --gtest_filter=Pivot.Size6LargeThenSmall
==4608== 
Running main() from /home/codio/googletest/googletest/src/gtest_main.cc
Note: Google Test filter = Pivot.Size6LargeThenSmall
[==========] Running 1 test from 1 test suite.
[----------] Global test environment set-up.
[----------] 1 test from Pivot
[ RUN      ] Pivot.Size6LargeThenSmall
[       OK ] Pivot.Size6LargeThenSmall (32 ms)
[----------] 1 test from Pivot (41 ms total)

[----------] Global test environment tear-down
[==========] 1 test from 1 test suite ran. (95 ms total)
[  PASSED  ] 1 test.
==4608== 
==4608== HEAP SUMMARY:
==4608==     in use at exit: 0 bytes in 0 blocks
==4608==   total heap usage: 419 allocs, 419 frees, 133,488 bytes allocated
==4608== 
==4608== All heap blocks were freed -- no leaks are possible
==4608== 
==4608== For counts of detected and suppressed errors, rerun with: -v
==4608== ERROR SUMMARY: 0 errors from 0 contexts (suppressed: 0 from 0)
<end of output>
Test time =   1.46 sec
----------------------------------------------------------
Test Passed.
"Pivot.Size6LargeThenSmall" end time: Nov 29 04:07 UTC
"Pivot.Size6LargeThenSmall" time elapsed: 00:00:01
----------------------------------------------------------

11/50 Testing: Pivot.Nominal
11/50 Test: Pivot.Nominal
Command: "/usr/bin/valgrind" "--tool=memcheck" "--leak-check=yes" "--trace-children=no" "/home/codio/workspace/hw3/hw3_tests/llrec_tests/llrec_tests" "--gtest_filter=Pivot.Nominal"
Directory: /home/codio/workspace/hw3/hw3_tests/llrec_tests
"Pivot.Nominal" start time: Nov 29 04:07 UTC
Output:
----------------------------------------------------------
==4609== Memcheck, a memory error detector
==4609== Copyright (C) 2002-2017, and GNU GPL'd, by Julian Seward et al.
==4609== Using Valgrind-3.13.0 and LibVEX; rerun with -h for copyright info
==4609== Command: /home/codio/workspace/hw3/hw3_tests/llrec_tests/llrec_tests --gtest_filter=Pivot.Nominal
==4609== 
Running main() from /home/codio/googletest/googletest/src/gtest_main.cc
Note: Google Test filter = Pivot.Nominal
[==========] Running 1 test from 1 test suite.
[----------] Global test environment set-up.
[----------] 1 test from Pivot
[ RUN      ] Pivot.Nominal
[       OK ] Pivot.Nominal (33 ms)
[----------] 1 test from Pivot (42 ms total)

[----------] Global test environment tear-down
[==========] 1 test from 1 test suite ran. (93 ms total)
[  PASSED  ] 1 test.
==4609== 
==4609== HEAP SUMMARY:
==4609==     in use at exit: 0 bytes in 0 blocks
==4609==   total heap usage: 411 allocs, 411 frees, 133,189 bytes allocated
==4609== 
==4609== All heap blocks were freed -- no leaks are possible
==4609== 
==4609== For counts of detected and suppressed errors, rerun with: -v
==4609== ERROR SUMMARY: 0 errors from 0 contexts (suppressed: 0 from 0)
<end of output>
Test time =   1.46 sec
----------------------------------------------------------
Test Passed.
"Pivot.Nominal" end time: Nov 29 04:07 UTC
"Pivot.Nominal" time elapsed: 00:00:01
----------------------------------------------------------

12/50 Testing: Pivot.SameValues
12/50 Test: Pivot.SameValues
Command: "/usr/bin/valgrind" "--tool=memcheck" "--leak-check=yes" "--trace-children=no" "/home/codio/workspace/hw3/hw3_tests/llrec_tests/llrec_tests" "--gtest_filter=Pivot.SameValues"
Directory: /home/codio/workspace/hw3/hw3_tests/llrec_tests
"Pivot.SameValues" start time: Nov 29 04:07 UTC
Output:
----------------------------------------------------------
==4610== Memcheck, a memory error detector
==4610== Copyright (C) 2002-2017, and GNU GPL'd, by Julian Seward et al.
==4610== Using Valgrind-3.13.0 and LibVEX; rerun with -h for copyright info
==4610== Command: /home/codio/workspace/hw3/hw3_tests/llrec_tests/llrec_tests --gtest_filter=Pivot.SameValues
==4610== 
Running main() from /home/codio/googletest/googletest/src/gtest_main.cc
Note: Google Test filter = Pivot.SameValues
[==========] Running 1 test from 1 test suite.
[----------] Global test environment set-up.
[----------] 1 test from Pivot
[ RUN      ] Pivot.SameValues
[       OK ] Pivot.SameValues (32 ms)
[----------] 1 test from Pivot (41 ms total)

[----------] Global test environment tear-down
[==========] 1 test from 1 test suite ran. (93 ms total)
[  PASSED  ] 1 test.
==4610== 
==4610== HEAP SUMMARY:
==4610==     in use at exit: 0 bytes in 0 blocks
==4610==   total heap usage: 416 allocs, 416 frees, 133,350 bytes allocated
==4610== 
==4610== All heap blocks were freed -- no leaks are possible
==4610== 
==4610== For counts of detected and suppressed errors, rerun with: -v
==4610== ERROR SUMMARY: 0 errors from 0 contexts (suppressed: 0 from 0)
<end of output>
Test time =   1.49 sec
----------------------------------------------------------
Test Passed.
"Pivot.SameValues" end time: Nov 29 04:07 UTC
"Pivot.SameValues" time elapsed: 00:00:01
----------------------------------------------------------

13/50 Testing: Pivot.NoCopySameNodeCheck
13/50 Test: Pivot.NoCopySameNodeCheck
Command: "/usr/bin/valgrind" "--tool=memcheck" "--leak-check=yes" "--trace-children=no" "/home/codio/workspace/hw3/hw3_tests/llrec_tests/llrec_tests" "--gtest_filter=Pivot.NoCopySameNodeCheck"
Directory: /home/codio/workspace/hw3/hw3_tests/llrec_tests
"Pivot.NoCopySameNodeCheck" start time: Nov 29 04:07 UTC
Output:
----------------------------------------------------------
==4611== Memcheck, a memory error detector
==4611== Copyright (C) 2002-2017, and GNU GPL'd, by Julian Seward et al.
==4611== Using Valgrind-3.13.0 and LibVEX; rerun with -h for copyright info
==4611== Command: /home/codio/workspace/hw3/hw3_tests/llrec_tests/llrec_tests --gtest_filter=Pivot.NoCopySameNodeCheck
==4611== 
Running main() from /home/codio/googletest/googletest/src/gtest_main.cc
Note: Google Test filter = Pivot.NoCopySameNodeCheck
[==========] Running 1 test from 1 test suite.
[----------] Global test environment set-up.
[----------] 1 test from Pivot
[ RUN      ] Pivot.NoCopySameNodeCheck
[       OK ] Pivot.NoCopySameNodeCheck (51 ms)
[----------] 1 test from Pivot (62 ms total)

[----------] Global test environment tear-down
[==========] 1 test from 1 test suite ran. (120 ms total)
[  PASSED  ] 1 test.
==4611== 
==4611== HEAP SUMMARY:
==4611==     in use at exit: 0 bytes in 0 blocks
==4611==   total heap usage: 420 allocs, 420 frees, 133,496 bytes allocated
==4611== 
==4611== All heap blocks were freed -- no leaks are possible
==4611== 
==4611== For counts of detected and suppressed errors, rerun with: -v
==4611== ERROR SUMMARY: 0 errors from 0 contexts (suppressed: 0 from 0)
<end of output>
Test time =   1.50 sec
----------------------------------------------------------
Test Passed.
"Pivot.NoCopySameNodeCheck" end time: Nov 29 04:07 UTC
"Pivot.NoCopySameNodeCheck" time elapsed: 00:00:01
----------------------------------------------------------

14/50 Testing: Filter.EmptyList
14/50 Test: Filter.EmptyList
Command: "/usr/bin/valgrind" "--tool=memcheck" "--leak-check=yes" "--trace-children=no" "/home/codio/workspace/hw3/hw3_tests/llrec_tests/llrec_tests" "--gtest_filter=Filter.EmptyList"
Directory: /home/codio/workspace/hw3/hw3_tests/llrec_tests
"Filter.EmptyList" start time: Nov 29 04:07 UTC
Output:
----------------------------------------------------------
==4612== Memcheck, a memory error detector
==4612== Copyright (C) 2002-2017, and GNU GPL'd, by Julian Seward et al.
==4612== Using Valgrind-3.13.0 and LibVEX; rerun with -h for copyright info
==4612== Command: /home/codio/workspace/hw3/hw3_tests/llrec_tests/llrec_tests --gtest_filter=Filter.EmptyList
==4612== 
Running main() from /home/codio/googletest/googletest/src/gtest_main.cc
Note: Google Test filter = Filter.EmptyList
[==========] Running 1 test from 1 test suite.
[----------] Global test environment set-up.
[----------] 1 test from Filter
[ RUN      ] Filter.EmptyList
[       OK ] Filter.EmptyList (22 ms)
[----------] 1 test from Filter (32 ms total)

[----------] Global test environment tear-down
[==========] 1 test from 1 test suite ran. (83 ms total)
[  PASSED  ] 1 test.
==4612== 
==4612== HEAP SUMMARY:
==4612==     in use at exit: 0 bytes in 0 blocks
==4612==   total heap usage: 410 allocs, 410 frees, 133,254 bytes allocated
==4612== 
==4612== All heap blocks were freed -- no leaks are possible
==4612== 
==4612== For counts of detected and suppressed errors, rerun with: -v
==4612== ERROR SUMMARY: 0 errors from 0 contexts (suppressed: 0 from 0)
<end of output>
Test time =   1.45 sec
----------------------------------------------------------
Test Passed.
"Filter.EmptyList" end time: Nov 29 04:07 UTC
"Filter.EmptyList" time elapsed: 00:00:01
----------------------------------------------------------

15/50 Testing: Filter.Size1_F
15/50 Test: Filter.Size1_F
Command: "/usr/bin/valgrind" "--tool=memcheck" "--leak-check=yes" "--trace-children=no" "/home/codio/workspace/hw3/hw3_tests/llrec_tests/llrec_tests" "--gtest_filter=Filter.Size1_F"
Directory: /home/codio/workspace/hw3/hw3_tests/llrec_tests
"Filter.Size1_F" start time: Nov 29 04:07 UTC
Output:
----------------------------------------------------------
==4613== Memcheck, a memory error detector
==4613== Copyright (C) 2002-2017, and GNU GPL'd, by Julian Seward et al.
==4613== Using Valgrind-3.13.0 and LibVEX; rerun with -h for copyright info
==4613== Command: /home/codio/workspace/hw3/hw3_tests/llrec_tests/llrec_tests --gtest_filter=Filter.Size1_F
==4613== 
Running main() from /home/codio/googletest/googletest/src/gtest_main.cc
Note: Google Test filter = Filter.Size1_F
[==========] Running 1 test from 1 test suite.
[----------] Global test environment set-up.
[----------] 1 test from Filter
[ RUN      ] Filter.Size1_F
[       OK ] Filter.Size1_F (30 ms)
[----------] 1 test from Filter (39 ms total)

[----------] Global test environment tear-down
[==========] 1 test from 1 test suite ran. (90 ms total)
[  PASSED  ] 1 test.
==4613== 
==4613== HEAP SUMMARY:
==4613==     in use at exit: 16 bytes in 1 blocks
==4613==   total heap usage: 407 allocs, 406 frees, 133,122 bytes allocated
==4613== 
==4613== 16 bytes in 1 blocks are definitely lost in loss record 1 of 1
==4613==    at 0x4C3017F: operator new(unsigned long) (in /usr/lib/valgrind/vgpreload_memcheck-amd64-linux.so)
==4613==    by 0x11ADE6: makeList(std::vector<int, std::allocator<int> > const&) (llrec_test_utils.cpp:16)
==4613==    by 0x112869: Filter_Size1_F_Test::TestBody() (llrec_tests.cpp:291)
==4613==    by 0x5109FD2: void testing::internal::HandleSehExceptionsInMethodIfSupported<testing::Test, void>(testing::Test*, void (testing::Test::*)(), char const*) (in /usr/lib/x86_64-linux-gnu/libgtest.so.1.11.0)
==4613==    by 0x5103038: void testing::internal::HandleExceptionsInMethodIfSupported<testing::Test, void>(testing::Test*, void (testing::Test::*)(), char const*) (in /usr/lib/x86_64-linux-gnu/libgtest.so.1.11.0)
==4613==    by 0x50E00DD: testing::Test::Run() (in /usr/lib/x86_64-linux-gnu/libgtest.so.1.11.0)
==4613==    by 0x50E0AF0: testing::TestInfo::Run() (in /usr/lib/x86_64-linux-gnu/libgtest.so.1.11.0)
==4613==    by 0x50E13EA: testing::TestSuite::Run() (in /usr/lib/x86_64-linux-gnu/libgtest.so.1.11.0)
==4613==    by 0x50F085A: testing::internal::UnitTestImpl::RunAllTests() (in /usr/lib/x86_64-linux-gnu/libgtest.so.1.11.0)
==4613==    by 0x510B1F2: bool testing::internal::HandleSehExceptionsInMethodIfSupported<testing::internal::UnitTestImpl, bool>(testing::internal::UnitTestImpl*, bool (testing::internal::UnitTestImpl::*)(), char const*) (in /usr/lib/x86_64-linux-gnu/libgtest.so.1.11.0)
==4613==    by 0x5103FBC: bool testing::internal::HandleExceptionsInMethodIfSupported<testing::internal::UnitTestImpl, bool>(testing::internal::UnitTestImpl*, bool (testing::internal::UnitTestImpl::*)(), char const*) (in /usr/lib/x86_64-linux-gnu/libgtest.so.1.11.0)
==4613==    by 0x50EEF2E: testing::UnitTest::Run() (in /usr/lib/x86_64-linux-gnu/libgtest.so.1.11.0)
==4613== 
==4613== LEAK SUMMARY:
==4613==    definitely lost: 16 bytes in 1 blocks
==4613==    indirectly lost: 0 bytes in 0 blocks
==4613==      possibly lost: 0 bytes in 0 blocks
==4613==    still reachable: 0 bytes in 0 blocks
==4613==         suppressed: 0 bytes in 0 blocks
==4613== 
==4613== For counts of detected and suppressed errors, rerun with: -v
==4613== ERROR SUMMARY: 1 errors from 1 contexts (suppressed: 0 from 0)
<end of output>
Test time =   1.45 sec
----------------------------------------------------------
Test Passed.
"Filter.Size1_F" end time: Nov 29 04:07 UTC
"Filter.Size1_F" time elapsed: 00:00:01
----------------------------------------------------------

16/50 Testing: Filter.Size1_nF
16/50 Test: Filter.Size1_nF
Command: "/usr/bin/valgrind" "--tool=memcheck" "--leak-check=yes" "--trace-children=no" "/home/codio/workspace/hw3/hw3_tests/llrec_tests/llrec_tests" "--gtest_filter=Filter.Size1_nF"
Directory: /home/codio/workspace/hw3/hw3_tests/llrec_tests
"Filter.Size1_nF" start time: Nov 29 04:07 UTC
Output:
----------------------------------------------------------
==4614== Memcheck, a memory error detector
==4614== Copyright (C) 2002-2017, and GNU GPL'd, by Julian Seward et al.
==4614== Using Valgrind-3.13.0 and LibVEX; rerun with -h for copyright info
==4614== Command: /home/codio/workspace/hw3/hw3_tests/llrec_tests/llrec_tests --gtest_filter=Filter.Size1_nF
==4614== 
Running main() from /home/codio/googletest/googletest/src/gtest_main.cc
Note: Google Test filter = Filter.Size1_nF
[==========] Running 1 test from 1 test suite.
[----------] Global test environment set-up.
[----------] 1 test from Filter
[ RUN      ] Filter.Size1_nF
[       OK ] Filter.Size1_nF (31 ms)
[----------] 1 test from Filter (40 ms total)

[----------] Global test environment tear-down
[==========] 1 test from 1 test suite ran. (93 ms total)
[  PASSED  ] 1 test.
==4614== 
==4614== HEAP SUMMARY:
==4614==     in use at exit: 0 bytes in 0 blocks
==4614==   total heap usage: 408 allocs, 408 frees, 133,131 bytes allocated
==4614== 
==4614== All heap blocks were freed -- no leaks are possible
==4614== 
==4614== For counts of detected and suppressed errors, rerun with: -v
==4614== ERROR SUMMARY: 0 errors from 0 contexts (suppressed: 0 from 0)
<end of output>
Test time =   1.55 sec
----------------------------------------------------------
Test Passed.
"Filter.Size1_nF" end time: Nov 29 04:07 UTC
"Filter.Size1_nF" time elapsed: 00:00:01
----------------------------------------------------------

17/50 Testing: Filter.Size2_F_nF
17/50 Test: Filter.Size2_F_nF
Command: "/usr/bin/valgrind" "--tool=memcheck" "--leak-check=yes" "--trace-children=no" "/home/codio/workspace/hw3/hw3_tests/llrec_tests/llrec_tests" "--gtest_filter=Filter.Size2_F_nF"
Directory: /home/codio/workspace/hw3/hw3_tests/llrec_tests
"Filter.Size2_F_nF" start time: Nov 29 04:07 UTC
Output:
----------------------------------------------------------
==4615== Memcheck, a memory error detector
==4615== Copyright (C) 2002-2017, and GNU GPL'd, by Julian Seward et al.
==4615== Using Valgrind-3.13.0 and LibVEX; rerun with -h for copyright info
==4615== Command: /home/codio/workspace/hw3/hw3_tests/llrec_tests/llrec_tests --gtest_filter=Filter.Size2_F_nF
==4615== 
Running main() from /home/codio/googletest/googletest/src/gtest_main.cc
Note: Google Test filter = Filter.Size2_F_nF
[==========] Running 1 test from 1 test suite.
[----------] Global test environment set-up.
[----------] 1 test from Filter
[ RUN      ] Filter.Size2_F_nF
[       OK ] Filter.Size2_F_nF (38 ms)
[----------] 1 test from Filter (48 ms total)

[----------] Global test environment tear-down
[==========] 1 test from 1 test suite ran. (107 ms total)
[  PASSED  ] 1 test.
==4615== 
==4615== HEAP SUMMARY:
==4615==     in use at exit: 16 bytes in 1 blocks
==4615==   total heap usage: 415 allocs, 414 frees, 133,316 bytes allocated
==4615== 
==4615== 16 bytes in 1 blocks are definitely lost in loss record 1 of 1
==4615==    at 0x4C3017F: operator new(unsigned long) (in /usr/lib/valgrind/vgpreload_memcheck-amd64-linux.so)
==4615==    by 0x11ADE6: makeList(std::vector<int, std::allocator<int> > const&) (llrec_test_utils.cpp:16)
==4615==    by 0x1131A7: Filter_Size2_F_nF_Test::TestBody() (llrec_tests.cpp:314)
==4615==    by 0x5109FD2: void testing::internal::HandleSehExceptionsInMethodIfSupported<testing::Test, void>(testing::Test*, void (testing::Test::*)(), char const*) (in /usr/lib/x86_64-linux-gnu/libgtest.so.1.11.0)
==4615==    by 0x5103038: void testing::internal::HandleExceptionsInMethodIfSupported<testing::Test, void>(testing::Test*, void (testing::Test::*)(), char const*) (in /usr/lib/x86_64-linux-gnu/libgtest.so.1.11.0)
==4615==    by 0x50E00DD: testing::Test::Run() (in /usr/lib/x86_64-linux-gnu/libgtest.so.1.11.0)
==4615==    by 0x50E0AF0: testing::TestInfo::Run() (in /usr/lib/x86_64-linux-gnu/libgtest.so.1.11.0)
==4615==    by 0x50E13EA: testing::TestSuite::Run() (in /usr/lib/x86_64-linux-gnu/libgtest.so.1.11.0)
==4615==    by 0x50F085A: testing::internal::UnitTestImpl::RunAllTests() (in /usr/lib/x86_64-linux-gnu/libgtest.so.1.11.0)
==4615==    by 0x510B1F2: bool testing::internal::HandleSehExceptionsInMethodIfSupported<testing::internal::UnitTestImpl, bool>(testing::internal::UnitTestImpl*, bool (testing::internal::UnitTestImpl::*)(), char const*) (in /usr/lib/x86_64-linux-gnu/libgtest.so.1.11.0)
==4615==    by 0x5103FBC: bool testing::internal::HandleExceptionsInMethodIfSupported<testing::internal::UnitTestImpl, bool>(testing::internal::UnitTestImpl*, bool (testing::internal::UnitTestImpl::*)(), char const*) (in /usr/lib/x86_64-linux-gnu/libgtest.so.1.11.0)
==4615==    by 0x50EEF2E: testing::UnitTest::Run() (in /usr/lib/x86_64-linux-gnu/libgtest.so.1.11.0)
==4615== 
==4615== LEAK SUMMARY:
==4615==    definitely lost: 16 bytes in 1 blocks
==4615==    indirectly lost: 0 bytes in 0 blocks
==4615==      possibly lost: 0 bytes in 0 blocks
==4615==    still reachable: 0 bytes in 0 blocks
==4615==         suppressed: 0 bytes in 0 blocks
==4615== 
==4615== For counts of detected and suppressed errors, rerun with: -v
==4615== ERROR SUMMARY: 1 errors from 1 contexts (suppressed: 0 from 0)
<end of output>
Test time =   1.60 sec
----------------------------------------------------------
Test Passed.
"Filter.Size2_F_nF" end time: Nov 29 04:07 UTC
"Filter.Size2_F_nF" time elapsed: 00:00:01
----------------------------------------------------------

18/50 Testing: Filter.Size2_nF_F
18/50 Test: Filter.Size2_nF_F
Command: "/usr/bin/valgrind" "--tool=memcheck" "--leak-check=yes" "--trace-children=no" "/home/codio/workspace/hw3/hw3_tests/llrec_tests/llrec_tests" "--gtest_filter=Filter.Size2_nF_F"
Directory: /home/codio/workspace/hw3/hw3_tests/llrec_tests
"Filter.Size2_nF_F" start time: Nov 29 04:07 UTC
Output:
----------------------------------------------------------
==4616== Memcheck, a memory error detector
==4616== Copyright (C) 2002-2017, and GNU GPL'd, by Julian Seward et al.
==4616== Using Valgrind-3.13.0 and LibVEX; rerun with -h for copyright info
==4616== Command: /home/codio/workspace/hw3/hw3_tests/llrec_tests/llrec_tests --gtest_filter=Filter.Size2_nF_F
==4616== 
Running main() from /home/codio/googletest/googletest/src/gtest_main.cc
Note: Google Test filter = Filter.Size2_nF_F
[==========] Running 1 test from 1 test suite.
[----------] Global test environment set-up.
[----------] 1 test from Filter
[ RUN      ] Filter.Size2_nF_F
[       OK ] Filter.Size2_nF_F (33 ms)
[----------] 1 test from Filter (43 ms total)

[----------] Global test environment tear-down
[==========] 1 test from 1 test suite ran. (98 ms total)
[  PASSED  ] 1 test.
==4616== 
==4616== HEAP SUMMARY:
==4616==     in use at exit: 16 bytes in 1 blocks
==4616==   total heap usage: 414 allocs, 413 frees, 133,308 bytes allocated
==4616== 
==4616== 16 bytes in 1 blocks are definitely lost in loss record 1 of 1
==4616==    at 0x4C3017F: operator new(unsigned long) (in /usr/lib/valgrind/vgpreload_memcheck-amd64-linux.so)
==4616==    by 0x11AE13: makeList(std::vector<int, std::allocator<int> > const&) (llrec_test_utils.cpp:20)
==4616==    by 0x11365F: Filter_Size2_nF_F_Test::TestBody() (llrec_tests.cpp:325)
==4616==    by 0x5109FD2: void testing::internal::HandleSehExceptionsInMethodIfSupported<testing::Test, void>(testing::Test*, void (testing::Test::*)(), char const*) (in /usr/lib/x86_64-linux-gnu/libgtest.so.1.11.0)
==4616==    by 0x5103038: void testing::internal::HandleExceptionsInMethodIfSupported<testing::Test, void>(testing::Test*, void (testing::Test::*)(), char const*) (in /usr/lib/x86_64-linux-gnu/libgtest.so.1.11.0)
==4616==    by 0x50E00DD: testing::Test::Run() (in /usr/lib/x86_64-linux-gnu/libgtest.so.1.11.0)
==4616==    by 0x50E0AF0: testing::TestInfo::Run() (in /usr/lib/x86_64-linux-gnu/libgtest.so.1.11.0)
==4616==    by 0x50E13EA: testing::TestSuite::Run() (in /usr/lib/x86_64-linux-gnu/libgtest.so.1.11.0)
==4616==    by 0x50F085A: testing::internal::UnitTestImpl::RunAllTests() (in /usr/lib/x86_64-linux-gnu/libgtest.so.1.11.0)
==4616==    by 0x510B1F2: bool testing::internal::HandleSehExceptionsInMethodIfSupported<testing::internal::UnitTestImpl, bool>(testing::internal::UnitTestImpl*, bool (testing::internal::UnitTestImpl::*)(), char const*) (in /usr/lib/x86_64-linux-gnu/libgtest.so.1.11.0)
==4616==    by 0x5103FBC: bool testing::internal::HandleExceptionsInMethodIfSupported<testing::internal::UnitTestImpl, bool>(testing::internal::UnitTestImpl*, bool (testing::internal::UnitTestImpl::*)(), char const*) (in /usr/lib/x86_64-linux-gnu/libgtest.so.1.11.0)
==4616==    by 0x50EEF2E: testing::UnitTest::Run() (in /usr/lib/x86_64-linux-gnu/libgtest.so.1.11.0)
==4616== 
==4616== LEAK SUMMARY:
==4616==    definitely lost: 16 bytes in 1 blocks
==4616==    indirectly lost: 0 bytes in 0 blocks
==4616==      possibly lost: 0 bytes in 0 blocks
==4616==    still reachable: 0 bytes in 0 blocks
==4616==         suppressed: 0 bytes in 0 blocks
==4616== 
==4616== For counts of detected and suppressed errors, rerun with: -v
==4616== ERROR SUMMARY: 1 errors from 1 contexts (suppressed: 0 from 0)
<end of output>
Test time =   1.57 sec
----------------------------------------------------------
Test Passed.
"Filter.Size2_nF_F" end time: Nov 29 04:07 UTC
"Filter.Size2_nF_F" time elapsed: 00:00:01
----------------------------------------------------------

19/50 Testing: Filter.Size3_nF_F_nF
19/50 Test: Filter.Size3_nF_F_nF
Command: "/usr/bin/valgrind" "--tool=memcheck" "--leak-check=yes" "--trace-children=no" "/home/codio/workspace/hw3/hw3_tests/llrec_tests/llrec_tests" "--gtest_filter=Filter.Size3_nF_F_nF"
Directory: /home/codio/workspace/hw3/hw3_tests/llrec_tests
"Filter.Size3_nF_F_nF" start time: Nov 29 04:07 UTC
Output:
----------------------------------------------------------
==4617== Memcheck, a memory error detector
==4617== Copyright (C) 2002-2017, and GNU GPL'd, by Julian Seward et al.
==4617== Using Valgrind-3.13.0 and LibVEX; rerun with -h for copyright info
==4617== Command: /home/codio/workspace/hw3/hw3_tests/llrec_tests/llrec_tests --gtest_filter=Filter.Size3_nF_F_nF
==4617== 
Running main() from /home/codio/googletest/googletest/src/gtest_main.cc
Note: Google Test filter = Filter.Size3_nF_F_nF
[==========] Running 1 test from 1 test suite.
[----------] Global test environment set-up.
[----------] 1 test from Filter
[ RUN      ] Filter.Size3_nF_F_nF
[       OK ] Filter.Size3_nF_F_nF (39 ms)
[----------] 1 test from Filter (52 ms total)

[----------] Global test environment tear-down
[==========] 1 test from 1 test suite ran. (114 ms total)
[  PASSED  ] 1 test.
==4617== 
==4617== HEAP SUMMARY:
==4617==     in use at exit: 16 bytes in 1 blocks
==4617==   total heap usage: 415 allocs, 414 frees, 133,362 bytes allocated
==4617== 
==4617== 16 bytes in 1 blocks are definitely lost in loss record 1 of 1
==4617==    at 0x4C3017F: operator new(unsigned long) (in /usr/lib/valgrind/vgpreload_memcheck-amd64-linux.so)
==4617==    by 0x11AE13: makeList(std::vector<int, std::allocator<int> > const&) (llrec_test_utils.cpp:20)
==4617==    by 0x113951: Filter_Size3_nF_F_nF_Test::TestBody() (llrec_tests.cpp:335)
==4617==    by 0x5109FD2: void testing::internal::HandleSehExceptionsInMethodIfSupported<testing::Test, void>(testing::Test*, void (testing::Test::*)(), char const*) (in /usr/lib/x86_64-linux-gnu/libgtest.so.1.11.0)
==4617==    by 0x5103038: void testing::internal::HandleExceptionsInMethodIfSupported<testing::Test, void>(testing::Test*, void (testing::Test::*)(), char const*) (in /usr/lib/x86_64-linux-gnu/libgtest.so.1.11.0)
==4617==    by 0x50E00DD: testing::Test::Run() (in /usr/lib/x86_64-linux-gnu/libgtest.so.1.11.0)
==4617==    by 0x50E0AF0: testing::TestInfo::Run() (in /usr/lib/x86_64-linux-gnu/libgtest.so.1.11.0)
==4617==    by 0x50E13EA: testing::TestSuite::Run() (in /usr/lib/x86_64-linux-gnu/libgtest.so.1.11.0)
==4617==    by 0x50F085A: testing::internal::UnitTestImpl::RunAllTests() (in /usr/lib/x86_64-linux-gnu/libgtest.so.1.11.0)
==4617==    by 0x510B1F2: bool testing::internal::HandleSehExceptionsInMethodIfSupported<testing::internal::UnitTestImpl, bool>(testing::internal::UnitTestImpl*, bool (testing::internal::UnitTestImpl::*)(), char const*) (in /usr/lib/x86_64-linux-gnu/libgtest.so.1.11.0)
==4617==    by 0x5103FBC: bool testing::internal::HandleExceptionsInMethodIfSupported<testing::internal::UnitTestImpl, bool>(testing::internal::UnitTestImpl*, bool (testing::internal::UnitTestImpl::*)(), char const*) (in /usr/lib/x86_64-linux-gnu/libgtest.so.1.11.0)
==4617==    by 0x50EEF2E: testing::UnitTest::Run() (in /usr/lib/x86_64-linux-gnu/libgtest.so.1.11.0)
==4617== 
==4617== LEAK SUMMARY:
==4617==    definitely lost: 16 bytes in 1 blocks
==4617==    indirectly lost: 0 bytes in 0 blocks
==4617==      possibly lost: 0 bytes in 0 blocks
==4617==    still reachable: 0 bytes in 0 blocks
==4617==         suppressed: 0 bytes in 0 blocks
==4617== 
==4617== For counts of detected and suppressed errors, rerun with: -v
==4617== ERROR SUMMARY: 1 errors from 1 contexts (suppressed: 0 from 0)
<end of output>
Test time =   1.75 sec
----------------------------------------------------------
Test Passed.
"Filter.Size3_nF_F_nF" end time: Nov 29 04:07 UTC
"Filter.Size3_nF_F_nF" time elapsed: 00:00:01
----------------------------------------------------------

20/50 Testing: Filter.Size3_F_nF_F
20/50 Test: Filter.Size3_F_nF_F
Command: "/usr/bin/valgrind" "--tool=memcheck" "--leak-check=yes" "--trace-children=no" "/home/codio/workspace/hw3/hw3_tests/llrec_tests/llrec_tests" "--gtest_filter=Filter.Size3_F_nF_F"
Directory: /home/codio/workspace/hw3/hw3_tests/llrec_tests
"Filter.Size3_F_nF_F" start time: Nov 29 04:07 UTC
Output:
----------------------------------------------------------
==4618== Memcheck, a memory error detector
==4618== Copyright (C) 2002-2017, and GNU GPL'd, by Julian Seward et al.
==4618== Using Valgrind-3.13.0 and LibVEX; rerun with -h for copyright info
==4618== Command: /home/codio/workspace/hw3/hw3_tests/llrec_tests/llrec_tests --gtest_filter=Filter.Size3_F_nF_F
==4618== 
Running main() from /home/codio/googletest/googletest/src/gtest_main.cc
Note: Google Test filter = Filter.Size3_F_nF_F
[==========] Running 1 test from 1 test suite.
[----------] Global test environment set-up.
[----------] 1 test from Filter
[ RUN      ] Filter.Size3_F_nF_F
[       OK ] Filter.Size3_F_nF_F (31 ms)
[----------] 1 test from Filter (42 ms total)

[----------] Global test environment tear-down
[==========] 1 test from 1 test suite ran. (99 ms total)
[  PASSED  ] 1 test.
==4618== 
==4618== HEAP SUMMARY:
==4618==     in use at exit: 32 bytes in 2 blocks
==4618==   total heap usage: 415 allocs, 413 frees, 133,348 bytes allocated
==4618== 
==4618== 16 bytes in 1 blocks are definitely lost in loss record 1 of 2
==4618==    at 0x4C3017F: operator new(unsigned long) (in /usr/lib/valgrind/vgpreload_memcheck-amd64-linux.so)
==4618==    by 0x11ADE6: makeList(std::vector<int, std::allocator<int> > const&) (llrec_test_utils.cpp:16)
==4618==    by 0x113C43: Filter_Size3_F_nF_F_Test::TestBody() (llrec_tests.cpp:345)
==4618==    by 0x5109FD2: void testing::internal::HandleSehExceptionsInMethodIfSupported<testing::Test, void>(testing::Test*, void (testing::Test::*)(), char const*) (in /usr/lib/x86_64-linux-gnu/libgtest.so.1.11.0)
==4618==    by 0x5103038: void testing::internal::HandleExceptionsInMethodIfSupported<testing::Test, void>(testing::Test*, void (testing::Test::*)(), char const*) (in /usr/lib/x86_64-linux-gnu/libgtest.so.1.11.0)
==4618==    by 0x50E00DD: testing::Test::Run() (in /usr/lib/x86_64-linux-gnu/libgtest.so.1.11.0)
==4618==    by 0x50E0AF0: testing::TestInfo::Run() (in /usr/lib/x86_64-linux-gnu/libgtest.so.1.11.0)
==4618==    by 0x50E13EA: testing::TestSuite::Run() (in /usr/lib/x86_64-linux-gnu/libgtest.so.1.11.0)
==4618==    by 0x50F085A: testing::internal::UnitTestImpl::RunAllTests() (in /usr/lib/x86_64-linux-gnu/libgtest.so.1.11.0)
==4618==    by 0x510B1F2: bool testing::internal::HandleSehExceptionsInMethodIfSupported<testing::internal::UnitTestImpl, bool>(testing::internal::UnitTestImpl*, bool (testing::internal::UnitTestImpl::*)(), char const*) (in /usr/lib/x86_64-linux-gnu/libgtest.so.1.11.0)
==4618==    by 0x5103FBC: bool testing::internal::HandleExceptionsInMethodIfSupported<testing::internal::UnitTestImpl, bool>(testing::internal::UnitTestImpl*, bool (testing::internal::UnitTestImpl::*)(), char const*) (in /usr/lib/x86_64-linux-gnu/libgtest.so.1.11.0)
==4618==    by 0x50EEF2E: testing::UnitTest::Run() (in /usr/lib/x86_64-linux-gnu/libgtest.so.1.11.0)
==4618== 
==4618== 16 bytes in 1 blocks are definitely lost in loss record 2 of 2
==4618==    at 0x4C3017F: operator new(unsigned long) (in /usr/lib/valgrind/vgpreload_memcheck-amd64-linux.so)
==4618==    by 0x11AE13: makeList(std::vector<int, std::allocator<int> > const&) (llrec_test_utils.cpp:20)
==4618==    by 0x113C43: Filter_Size3_F_nF_F_Test::TestBody() (llrec_tests.cpp:345)
==4618==    by 0x5109FD2: void testing::internal::HandleSehExceptionsInMethodIfSupported<testing::Test, void>(testing::Test*, void (testing::Test::*)(), char const*) (in /usr/lib/x86_64-linux-gnu/libgtest.so.1.11.0)
==4618==    by 0x5103038: void testing::internal::HandleExceptionsInMethodIfSupported<testing::Test, void>(testing::Test*, void (testing::Test::*)(), char const*) (in /usr/lib/x86_64-linux-gnu/libgtest.so.1.11.0)
==4618==    by 0x50E00DD: testing::Test::Run() (in /usr/lib/x86_64-linux-gnu/libgtest.so.1.11.0)
==4618==    by 0x50E0AF0: testing::TestInfo::Run() (in /usr/lib/x86_64-linux-gnu/libgtest.so.1.11.0)
==4618==    by 0x50E13EA: testing::TestSuite::Run() (in /usr/lib/x86_64-linux-gnu/libgtest.so.1.11.0)
==4618==    by 0x50F085A: testing::internal::UnitTestImpl::RunAllTests() (in /usr/lib/x86_64-linux-gnu/libgtest.so.1.11.0)
==4618==    by 0x510B1F2: bool testing::internal::HandleSehExceptionsInMethodIfSupported<testing::internal::UnitTestImpl, bool>(testing::internal::UnitTestImpl*, bool (testing::internal::UnitTestImpl::*)(), char const*) (in /usr/lib/x86_64-linux-gnu/libgtest.so.1.11.0)
==4618==    by 0x5103FBC: bool testing::internal::HandleExceptionsInMethodIfSupported<testing::internal::UnitTestImpl, bool>(testing::internal::UnitTestImpl*, bool (testing::internal::UnitTestImpl::*)(), char const*) (in /usr/lib/x86_64-linux-gnu/libgtest.so.1.11.0)
==4618==    by 0x50EEF2E: testing::UnitTest::Run() (in /usr/lib/x86_64-linux-gnu/libgtest.so.1.11.0)
==4618== 
==4618== LEAK SUMMARY:
==4618==    definitely lost: 32 bytes in 2 blocks
==4618==    indirectly lost: 0 bytes in 0 blocks
==4618==      possibly lost: 0 bytes in 0 blocks
==4618==    still reachable: 0 bytes in 0 blocks
==4618==         suppressed: 0 bytes in 0 blocks
==4618== 
==4618== For counts of detected and suppressed errors, rerun with: -v
==4618== ERROR SUMMARY: 2 errors from 2 contexts (suppressed: 0 from 0)
<end of output>
Test time =   1.56 sec
----------------------------------------------------------
Test Passed.
"Filter.Size3_F_nF_F" end time: Nov 29 04:07 UTC
"Filter.Size3_F_nF_F" time elapsed: 00:00:01
----------------------------------------------------------

21/50 Testing: Filter.SameNodeCheck
21/50 Test: Filter.SameNodeCheck
Command: "/usr/bin/valgrind" "--tool=memcheck" "--leak-check=yes" "--trace-children=no" "/home/codio/workspace/hw3/hw3_tests/llrec_tests/llrec_tests" "--gtest_filter=Filter.SameNodeCheck"
Directory: /home/codio/workspace/hw3/hw3_tests/llrec_tests
"Filter.SameNodeCheck" start time: Nov 29 04:07 UTC
Output:
----------------------------------------------------------
==4619== Memcheck, a memory error detector
==4619== Copyright (C) 2002-2017, and GNU GPL'd, by Julian Seward et al.
==4619== Using Valgrind-3.13.0 and LibVEX; rerun with -h for copyright info
==4619== Command: /home/codio/workspace/hw3/hw3_tests/llrec_tests/llrec_tests --gtest_filter=Filter.SameNodeCheck
==4619== 
Running main() from /home/codio/googletest/googletest/src/gtest_main.cc
Note: Google Test filter = Filter.SameNodeCheck
[==========] Running 1 test from 1 test suite.
[----------] Global test environment set-up.
[----------] 1 test from Filter
[ RUN      ] Filter.SameNodeCheck
[       OK ] Filter.SameNodeCheck (46 ms)
[----------] 1 test from Filter (55 ms total)

[----------] Global test environment tear-down
[==========] 1 test from 1 test suite ran. (107 ms total)
[  PASSED  ] 1 test.
==4619== 
==4619== HEAP SUMMARY:
==4619==     in use at exit: 16 bytes in 1 blocks
==4619==   total heap usage: 420 allocs, 419 frees, 133,458 bytes allocated
==4619== 
==4619== 16 bytes in 1 blocks are definitely lost in loss record 1 of 1
==4619==    at 0x4C3017F: operator new(unsigned long) (in /usr/lib/valgrind/vgpreload_memcheck-amd64-linux.so)
==4619==    by 0x11AE13: makeList(std::vector<int, std::allocator<int> > const&) (llrec_test_utils.cpp:20)
==4619==    by 0x113F49: Filter_SameNodeCheck_Test::TestBody() (llrec_tests.cpp:355)
==4619==    by 0x5109FD2: void testing::internal::HandleSehExceptionsInMethodIfSupported<testing::Test, void>(testing::Test*, void (testing::Test::*)(), char const*) (in /usr/lib/x86_64-linux-gnu/libgtest.so.1.11.0)
==4619==    by 0x5103038: void testing::internal::HandleExceptionsInMethodIfSupported<testing::Test, void>(testing::Test*, void (testing::Test::*)(), char const*) (in /usr/lib/x86_64-linux-gnu/libgtest.so.1.11.0)
==4619==    by 0x50E00DD: testing::Test::Run() (in /usr/lib/x86_64-linux-gnu/libgtest.so.1.11.0)
==4619==    by 0x50E0AF0: testing::TestInfo::Run() (in /usr/lib/x86_64-linux-gnu/libgtest.so.1.11.0)
==4619==    by 0x50E13EA: testing::TestSuite::Run() (in /usr/lib/x86_64-linux-gnu/libgtest.so.1.11.0)
==4619==    by 0x50F085A: testing::internal::UnitTestImpl::RunAllTests() (in /usr/lib/x86_64-linux-gnu/libgtest.so.1.11.0)
==4619==    by 0x510B1F2: bool testing::internal::HandleSehExceptionsInMethodIfSupported<testing::internal::UnitTestImpl, bool>(testing::internal::UnitTestImpl*, bool (testing::internal::UnitTestImpl::*)(), char const*) (in /usr/lib/x86_64-linux-gnu/libgtest.so.1.11.0)
==4619==    by 0x5103FBC: bool testing::internal::HandleExceptionsInMethodIfSupported<testing::internal::UnitTestImpl, bool>(testing::internal::UnitTestImpl*, bool (testing::internal::UnitTestImpl::*)(), char const*) (in /usr/lib/x86_64-linux-gnu/libgtest.so.1.11.0)
==4619==    by 0x50EEF2E: testing::UnitTest::Run() (in /usr/lib/x86_64-linux-gnu/libgtest.so.1.11.0)
==4619== 
==4619== LEAK SUMMARY:
==4619==    definitely lost: 16 bytes in 1 blocks
==4619==    indirectly lost: 0 bytes in 0 blocks
==4619==      possibly lost: 0 bytes in 0 blocks
==4619==    still reachable: 0 bytes in 0 blocks
==4619==         suppressed: 0 bytes in 0 blocks
==4619== 
==4619== For counts of detected and suppressed errors, rerun with: -v
==4619== ERROR SUMMARY: 1 errors from 1 contexts (suppressed: 0 from 0)
<end of output>
Test time =   1.74 sec
----------------------------------------------------------
Test Passed.
"Filter.SameNodeCheck" end time: Nov 29 04:07 UTC
"Filter.SameNodeCheck" time elapsed: 00:00:01
----------------------------------------------------------

22/50 Testing: Filter.MultipleCalls
22/50 Test: Filter.MultipleCalls
Command: "/usr/bin/valgrind" "--tool=memcheck" "--leak-check=yes" "--trace-children=no" "/home/codio/workspace/hw3/hw3_tests/llrec_tests/llrec_tests" "--gtest_filter=Filter.MultipleCalls"
Directory: /home/codio/workspace/hw3/hw3_tests/llrec_tests
"Filter.MultipleCalls" start time: Nov 29 04:07 UTC
Output:
----------------------------------------------------------
==4620== Memcheck, a memory error detector
==4620== Copyright (C) 2002-2017, and GNU GPL'd, by Julian Seward et al.
==4620== Using Valgrind-3.13.0 and LibVEX; rerun with -h for copyright info
==4620== Command: /home/codio/workspace/hw3/hw3_tests/llrec_tests/llrec_tests --gtest_filter=Filter.MultipleCalls
==4620== 
Running main() from /home/codio/googletest/googletest/src/gtest_main.cc
Note: Google Test filter = Filter.MultipleCalls
[==========] Running 1 test from 1 test suite.
[----------] Global test environment set-up.
[----------] 1 test from Filter
[ RUN      ] Filter.MultipleCalls
[       OK ] Filter.MultipleCalls (31 ms)
[----------] 1 test from Filter (40 ms total)

[----------] Global test environment tear-down
[==========] 1 test from 1 test suite ran. (90 ms total)
[  PASSED  ] 1 test.
==4620== 
==4620== HEAP SUMMARY:
==4620==     in use at exit: 80 bytes in 5 blocks
==4620==   total heap usage: 420 allocs, 415 frees, 133,458 bytes allocated
==4620== 
==4620== 16 bytes in 1 blocks are definitely lost in loss record 1 of 2
==4620==    at 0x4C3017F: operator new(unsigned long) (in /usr/lib/valgrind/vgpreload_memcheck-amd64-linux.so)
==4620==    by 0x11ADE6: makeList(std::vector<int, std::allocator<int> > const&) (llrec_test_utils.cpp:16)
==4620==    by 0x1145E3: Filter_MultipleCalls_Test::TestBody() (llrec_tests.cpp:380)
==4620==    by 0x5109FD2: void testing::internal::HandleSehExceptionsInMethodIfSupported<testing::Test, void>(testing::Test*, void (testing::Test::*)(), char const*) (in /usr/lib/x86_64-linux-gnu/libgtest.so.1.11.0)
==4620==    by 0x5103038: void testing::internal::HandleExceptionsInMethodIfSupported<testing::Test, void>(testing::Test*, void (testing::Test::*)(), char const*) (in /usr/lib/x86_64-linux-gnu/libgtest.so.1.11.0)
==4620==    by 0x50E00DD: testing::Test::Run() (in /usr/lib/x86_64-linux-gnu/libgtest.so.1.11.0)
==4620==    by 0x50E0AF0: testing::TestInfo::Run() (in /usr/lib/x86_64-linux-gnu/libgtest.so.1.11.0)
==4620==    by 0x50E13EA: testing::TestSuite::Run() (in /usr/lib/x86_64-linux-gnu/libgtest.so.1.11.0)
==4620==    by 0x50F085A: testing::internal::UnitTestImpl::RunAllTests() (in /usr/lib/x86_64-linux-gnu/libgtest.so.1.11.0)
==4620==    by 0x510B1F2: bool testing::internal::HandleSehExceptionsInMethodIfSupported<testing::internal::UnitTestImpl, bool>(testing::internal::UnitTestImpl*, bool (testing::internal::UnitTestImpl::*)(), char const*) (in /usr/lib/x86_64-linux-gnu/libgtest.so.1.11.0)
==4620==    by 0x5103FBC: bool testing::internal::HandleExceptionsInMethodIfSupported<testing::internal::UnitTestImpl, bool>(testing::internal::UnitTestImpl*, bool (testing::internal::UnitTestImpl::*)(), char const*) (in /usr/lib/x86_64-linux-gnu/libgtest.so.1.11.0)
==4620==    by 0x50EEF2E: testing::UnitTest::Run() (in /usr/lib/x86_64-linux-gnu/libgtest.so.1.11.0)
==4620== 
==4620== 64 bytes in 4 blocks are definitely lost in loss record 2 of 2
==4620==    at 0x4C3017F: operator new(unsigned long) (in /usr/lib/valgrind/vgpreload_memcheck-amd64-linux.so)
==4620==    by 0x11AE13: makeList(std::vector<int, std::allocator<int> > const&) (llrec_test_utils.cpp:20)
==4620==    by 0x1145E3: Filter_MultipleCalls_Test::TestBody() (llrec_tests.cpp:380)
==4620==    by 0x5109FD2: void testing::internal::HandleSehExceptionsInMethodIfSupported<testing::Test, void>(testing::Test*, void (testing::Test::*)(), char const*) (in /usr/lib/x86_64-linux-gnu/libgtest.so.1.11.0)
==4620==    by 0x5103038: void testing::internal::HandleExceptionsInMethodIfSupported<testing::Test, void>(testing::Test*, void (testing::Test::*)(), char const*) (in /usr/lib/x86_64-linux-gnu/libgtest.so.1.11.0)
==4620==    by 0x50E00DD: testing::Test::Run() (in /usr/lib/x86_64-linux-gnu/libgtest.so.1.11.0)
==4620==    by 0x50E0AF0: testing::TestInfo::Run() (in /usr/lib/x86_64-linux-gnu/libgtest.so.1.11.0)
==4620==    by 0x50E13EA: testing::TestSuite::Run() (in /usr/lib/x86_64-linux-gnu/libgtest.so.1.11.0)
==4620==    by 0x50F085A: testing::internal::UnitTestImpl::RunAllTests() (in /usr/lib/x86_64-linux-gnu/libgtest.so.1.11.0)
==4620==    by 0x510B1F2: bool testing::internal::HandleSehExceptionsInMethodIfSupported<testing::internal::UnitTestImpl, bool>(testing::internal::UnitTestImpl*, bool (testing::internal::UnitTestImpl::*)(), char const*) (in /usr/lib/x86_64-linux-gnu/libgtest.so.1.11.0)
==4620==    by 0x5103FBC: bool testing::internal::HandleExceptionsInMethodIfSupported<testing::internal::UnitTestImpl, bool>(testing::internal::UnitTestImpl*, bool (testing::internal::UnitTestImpl::*)(), char const*) (in /usr/lib/x86_64-linux-gnu/libgtest.so.1.11.0)
==4620==    by 0x50EEF2E: testing::UnitTest::Run() (in /usr/lib/x86_64-linux-gnu/libgtest.so.1.11.0)
==4620== 
==4620== LEAK SUMMARY:
==4620==    definitely lost: 80 bytes in 5 blocks
==4620==    indirectly lost: 0 bytes in 0 blocks
==4620==      possibly lost: 0 bytes in 0 blocks
==4620==    still reachable: 0 bytes in 0 blocks
==4620==         suppressed: 0 bytes in 0 blocks
==4620== 
==4620== For counts of detected and suppressed errors, rerun with: -v
==4620== ERROR SUMMARY: 2 errors from 2 contexts (suppressed: 0 from 0)
<end of output>
Test time =   1.47 sec
----------------------------------------------------------
Test Passed.
"Filter.MultipleCalls" end time: Nov 29 04:07 UTC
"Filter.MultipleCalls" time elapsed: 00:00:01
----------------------------------------------------------

23/50 Testing: Filter.CompareWithLlrec
23/50 Test: Filter.CompareWithLlrec
Command: "/usr/bin/valgrind" "--tool=memcheck" "--leak-check=yes" "--trace-children=no" "/home/codio/workspace/hw3/hw3_tests/llrec_tests/llrec_tests" "--gtest_filter=Filter.CompareWithLlrec"
Directory: /home/codio/workspace/hw3/hw3_tests/llrec_tests
"Filter.CompareWithLlrec" start time: Nov 29 04:07 UTC
Output:
----------------------------------------------------------
==4621== Memcheck, a memory error detector
==4621== Copyright (C) 2002-2017, and GNU GPL'd, by Julian Seward et al.
==4621== Using Valgrind-3.13.0 and LibVEX; rerun with -h for copyright info
==4621== Command: /home/codio/workspace/hw3/hw3_tests/llrec_tests/llrec_tests --gtest_filter=Filter.CompareWithLlrec
==4621== 
Running main() from /home/codio/googletest/googletest/src/gtest_main.cc
Note: Google Test filter = Filter.CompareWithLlrec
[==========] Running 1 test from 1 test suite.
[----------] Global test environment set-up.
[----------] 1 test from Filter
[ RUN      ] Filter.CompareWithLlrec
[       OK ] Filter.CompareWithLlrec (41 ms)
[----------] 1 test from Filter (50 ms total)

[----------] Global test environment tear-down
[==========] 1 test from 1 test suite ran. (102 ms total)
[  PASSED  ] 1 test.
==4621== 
==4621== HEAP SUMMARY:
==4621==     in use at exit: 64 bytes in 4 blocks
==4621==   total heap usage: 430 allocs, 426 frees, 133,612 bytes allocated
==4621== 
==4621== 16 bytes in 1 blocks are definitely lost in loss record 1 of 3
==4621==    at 0x4C3017F: operator new(unsigned long) (in /usr/lib/valgrind/vgpreload_memcheck-amd64-linux.so)
==4621==    by 0x11ADE6: makeList(std::vector<int, std::allocator<int> > const&) (llrec_test_utils.cpp:16)
==4621==    by 0x114F07: Filter_CompareWithLlrec_Test::TestBody() (llrec_tests.cpp:406)
==4621==    by 0x5109FD2: void testing::internal::HandleSehExceptionsInMethodIfSupported<testing::Test, void>(testing::Test*, void (testing::Test::*)(), char const*) (in /usr/lib/x86_64-linux-gnu/libgtest.so.1.11.0)
==4621==    by 0x5103038: void testing::internal::HandleExceptionsInMethodIfSupported<testing::Test, void>(testing::Test*, void (testing::Test::*)(), char const*) (in /usr/lib/x86_64-linux-gnu/libgtest.so.1.11.0)
==4621==    by 0x50E00DD: testing::Test::Run() (in /usr/lib/x86_64-linux-gnu/libgtest.so.1.11.0)
==4621==    by 0x50E0AF0: testing::TestInfo::Run() (in /usr/lib/x86_64-linux-gnu/libgtest.so.1.11.0)
==4621==    by 0x50E13EA: testing::TestSuite::Run() (in /usr/lib/x86_64-linux-gnu/libgtest.so.1.11.0)
==4621==    by 0x50F085A: testing::internal::UnitTestImpl::RunAllTests() (in /usr/lib/x86_64-linux-gnu/libgtest.so.1.11.0)
==4621==    by 0x510B1F2: bool testing::internal::HandleSehExceptionsInMethodIfSupported<testing::internal::UnitTestImpl, bool>(testing::internal::UnitTestImpl*, bool (testing::internal::UnitTestImpl::*)(), char const*) (in /usr/lib/x86_64-linux-gnu/libgtest.so.1.11.0)
==4621==    by 0x5103FBC: bool testing::internal::HandleExceptionsInMethodIfSupported<testing::internal::UnitTestImpl, bool>(testing::internal::UnitTestImpl*, bool (testing::internal::UnitTestImpl::*)(), char const*) (in /usr/lib/x86_64-linux-gnu/libgtest.so.1.11.0)
==4621==    by 0x50EEF2E: testing::UnitTest::Run() (in /usr/lib/x86_64-linux-gnu/libgtest.so.1.11.0)
==4621== 
==4621== 16 bytes in 1 blocks are definitely lost in loss record 2 of 3
==4621==    at 0x4C3017F: operator new(unsigned long) (in /usr/lib/valgrind/vgpreload_memcheck-amd64-linux.so)
==4621==    by 0x11AE13: makeList(std::vector<int, std::allocator<int> > const&) (llrec_test_utils.cpp:20)
==4621==    by 0x11537A: Filter_CompareWithLlrec_Test::TestBody() (llrec_tests.cpp:417)
==4621==    by 0x5109FD2: void testing::internal::HandleSehExceptionsInMethodIfSupported<testing::Test, void>(testing::Test*, void (testing::Test::*)(), char const*) (in /usr/lib/x86_64-linux-gnu/libgtest.so.1.11.0)
==4621==    by 0x5103038: void testing::internal::HandleExceptionsInMethodIfSupported<testing::Test, void>(testing::Test*, void (testing::Test::*)(), char const*) (in /usr/lib/x86_64-linux-gnu/libgtest.so.1.11.0)
==4621==    by 0x50E00DD: testing::Test::Run() (in /usr/lib/x86_64-linux-gnu/libgtest.so.1.11.0)
==4621==    by 0x50E0AF0: testing::TestInfo::Run() (in /usr/lib/x86_64-linux-gnu/libgtest.so.1.11.0)
==4621==    by 0x50E13EA: testing::TestSuite::Run() (in /usr/lib/x86_64-linux-gnu/libgtest.so.1.11.0)
==4621==    by 0x50F085A: testing::internal::UnitTestImpl::RunAllTests() (in /usr/lib/x86_64-linux-gnu/libgtest.so.1.11.0)
==4621==    by 0x510B1F2: bool testing::internal::HandleSehExceptionsInMethodIfSupported<testing::internal::UnitTestImpl, bool>(testing::internal::UnitTestImpl*, bool (testing::internal::UnitTestImpl::*)(), char const*) (in /usr/lib/x86_64-linux-gnu/libgtest.so.1.11.0)
==4621==    by 0x5103FBC: bool testing::internal::HandleExceptionsInMethodIfSupported<testing::internal::UnitTestImpl, bool>(testing::internal::UnitTestImpl*, bool (testing::internal::UnitTestImpl::*)(), char const*) (in /usr/lib/x86_64-linux-gnu/libgtest.so.1.11.0)
==4621==    by 0x50EEF2E: testing::UnitTest::Run() (in /usr/lib/x86_64-linux-gnu/libgtest.so.1.11.0)
==4621== 
==4621== 32 bytes in 2 blocks are definitely lost in loss record 3 of 3
==4621==    at 0x4C3017F: operator new(unsigned long) (in /usr/lib/valgrind/vgpreload_memcheck-amd64-linux.so)
==4621==    by 0x11AE13: makeList(std::vector<int, std::allocator<int> > const&) (llrec_test_utils.cpp:20)
==4621==    by 0x114F07: Filter_CompareWithLlrec_Test::TestBody() (llrec_tests.cpp:406)
==4621==    by 0x5109FD2: void testing::internal::HandleSehExceptionsInMethodIfSupported<testing::Test, void>(testing::Test*, void (testing::Test::*)(), char const*) (in /usr/lib/x86_64-linux-gnu/libgtest.so.1.11.0)
==4621==    by 0x5103038: void testing::internal::HandleExceptionsInMethodIfSupported<testing::Test, void>(testing::Test*, void (testing::Test::*)(), char const*) (in /usr/lib/x86_64-linux-gnu/libgtest.so.1.11.0)
==4621==    by 0x50E00DD: testing::Test::Run() (in /usr/lib/x86_64-linux-gnu/libgtest.so.1.11.0)
==4621==    by 0x50E0AF0: testing::TestInfo::Run() (in /usr/lib/x86_64-linux-gnu/libgtest.so.1.11.0)
==4621==    by 0x50E13EA: testing::TestSuite::Run() (in /usr/lib/x86_64-linux-gnu/libgtest.so.1.11.0)
==4621==    by 0x50F085A: testing::internal::UnitTestImpl::RunAllTests() (in /usr/lib/x86_64-linux-gnu/libgtest.so.1.11.0)
==4621==    by 0x510B1F2: bool testing::internal::HandleSehExceptionsInMethodIfSupported<testing::internal::UnitTestImpl, bool>(testing::internal::UnitTestImpl*, bool (testing::internal::UnitTestImpl::*)(), char const*) (in /usr/lib/x86_64-linux-gnu/libgtest.so.1.11.0)
==4621==    by 0x5103FBC: bool testing::internal::HandleExceptionsInMethodIfSupported<testing::internal::UnitTestImpl, bool>(testing::internal::UnitTestImpl*, bool (testing::internal::UnitTestImpl::*)(), char const*) (in /usr/lib/x86_64-linux-gnu/libgtest.so.1.11.0)
==4621==    by 0x50EEF2E: testing::UnitTest::Run() (in /usr/lib/x86_64-linux-gnu/libgtest.so.1.11.0)
==4621== 
==4621== LEAK SUMMARY:
==4621==    definitely lost: 64 bytes in 4 blocks
==4621==    indirectly lost: 0 bytes in 0 blocks
==4621==      possibly lost: 0 bytes in 0 blocks
==4621==    still reachable: 0 bytes in 0 blocks
==4621==         suppressed: 0 bytes in 0 blocks
==4621== 
==4621== For counts of detected and suppressed errors, rerun with: -v
==4621== ERROR SUMMARY: 3 errors from 3 contexts (suppressed: 0 from 0)
<end of output>
Test time =   1.46 sec
----------------------------------------------------------
Test Passed.
"Filter.CompareWithLlrec" end time: Nov 29 04:07 UTC
"Filter.CompareWithLlrec" time elapsed: 00:00:01
----------------------------------------------------------

24/50 Testing: Stack.BasicString
24/50 Test: Stack.BasicString
Command: "/usr/bin/valgrind" "--tool=memcheck" "--leak-check=yes" "--trace-children=no" "/home/codio/workspace/hw3/hw3_tests/stack_tests/stack_tests" "--gtest_filter=Stack.BasicString"
Directory: /home/codio/workspace/hw3/hw3_tests/stack_tests
"Stack.BasicString" start time: Nov 29 04:07 UTC
Output:
----------------------------------------------------------
==4622== Memcheck, a memory error detector
==4622== Copyright (C) 2002-2017, and GNU GPL'd, by Julian Seward et al.
==4622== Using Valgrind-3.13.0 and LibVEX; rerun with -h for copyright info
==4622== Command: /home/codio/workspace/hw3/hw3_tests/stack_tests/stack_tests --gtest_filter=Stack.BasicString
==4622== 
Running main() from /home/codio/googletest/googletest/src/gtest_main.cc
Note: Google Test filter = Stack.BasicString
[==========] Running 1 test from 1 test suite.
[----------] Global test environment set-up.
[----------] 1 test from Stack
[ RUN      ] Stack.BasicString
[       OK ] Stack.BasicString (89 ms)
[----------] 1 test from Stack (98 ms total)

[----------] Global test environment tear-down
[==========] 1 test from 1 test suite ran. (150 ms total)
[  PASSED  ] 1 test.
==4622== 
==4622== HEAP SUMMARY:
==4622==     in use at exit: 0 bytes in 0 blocks
==4622==   total heap usage: 230 allocs, 230 frees, 120,582 bytes allocated
==4622== 
==4622== All heap blocks were freed -- no leaks are possible
==4622== 
==4622== For counts of detected and suppressed errors, rerun with: -v
==4622== ERROR SUMMARY: 0 errors from 0 contexts (suppressed: 0 from 0)
<end of output>
Test time =   1.51 sec
----------------------------------------------------------
Test Passed.
"Stack.BasicString" end time: Nov 29 04:07 UTC
"Stack.BasicString" time elapsed: 00:00:01
----------------------------------------------------------

25/50 Testing: Stack.RandomInt
25/50 Test: Stack.RandomInt
Command: "/usr/bin/valgrind" "--tool=memcheck" "--leak-check=yes" "--trace-children=no" "/home/codio/workspace/hw3/hw3_tests/stack_tests/stack_tests" "--gtest_filter=Stack.RandomInt"
Directory: /home/codio/workspace/hw3/hw3_tests/stack_tests
"Stack.RandomInt" start time: Nov 29 04:07 UTC
Output:
----------------------------------------------------------
==4623== Memcheck, a memory error detector
==4623== Copyright (C) 2002-2017, and GNU GPL'd, by Julian Seward et al.
==4623== Using Valgrind-3.13.0 and LibVEX; rerun with -h for copyright info
==4623== Command: /home/codio/workspace/hw3/hw3_tests/stack_tests/stack_tests --gtest_filter=Stack.RandomInt
==4623== 
Running main() from /home/codio/googletest/googletest/src/gtest_main.cc
Note: Google Test filter = Stack.RandomInt
[==========] Running 1 test from 1 test suite.
[----------] Global test environment set-up.
[----------] 1 test from Stack
[ RUN      ] Stack.RandomInt
[       OK ] Stack.RandomInt (2240 ms)
[----------] 1 test from Stack (2253 ms total)

[----------] Global test environment tear-down
[==========] 1 test from 1 test suite ran. (2321 ms total)
[  PASSED  ] 1 test.
==4623== 
==4623== HEAP SUMMARY:
==4623==     in use at exit: 0 bytes in 0 blocks
==4623==   total heap usage: 21,262 allocs, 21,262 frees, 1,081,433 bytes allocated
==4623== 
==4623== All heap blocks were freed -- no leaks are possible
==4623== 
==4623== For counts of detected and suppressed errors, rerun with: -v
==4623== ERROR SUMMARY: 0 errors from 0 contexts (suppressed: 0 from 0)
<end of output>
Test time =   3.77 sec
----------------------------------------------------------
Test Passed.
"Stack.RandomInt" end time: Nov 29 04:07 UTC
"Stack.RandomInt" time elapsed: 00:00:03
----------------------------------------------------------

26/50 Testing: HeapTest.ConstructionDestruction
26/50 Test: HeapTest.ConstructionDestruction
Command: "/usr/bin/valgrind" "--tool=memcheck" "--leak-check=yes" "--trace-children=no" "/home/codio/workspace/hw3/hw3_tests/heap_tests/heap_tests" "--gtest_filter=HeapTest.ConstructionDestruction"
Directory: /home/codio/workspace/hw3/hw3_tests/heap_tests
"HeapTest.ConstructionDestruction" start time: Nov 29 04:07 UTC
Output:
----------------------------------------------------------
==4624== Memcheck, a memory error detector
==4624== Copyright (C) 2002-2017, and GNU GPL'd, by Julian Seward et al.
==4624== Using Valgrind-3.13.0 and LibVEX; rerun with -h for copyright info
==4624== Command: /home/codio/workspace/hw3/hw3_tests/heap_tests/heap_tests --gtest_filter=HeapTest.ConstructionDestruction
==4624== 
Running main() from /home/codio/googletest/googletest/src/gtest_main.cc
Note: Google Test filter = HeapTest.ConstructionDestruction
[==========] Running 1 test from 1 test suite.
[----------] Global test environment set-up.
[----------] 1 test from HeapTest
[ RUN      ] HeapTest.ConstructionDestruction
[       OK ] HeapTest.ConstructionDestruction (22 ms)
[----------] 1 test from HeapTest (35 ms total)

[----------] Global test environment tear-down
[==========] 1 test from 1 test suite ran. (102 ms total)
[  PASSED  ] 1 test.
==4624== 
==4624== HEAP SUMMARY:
==4624==     in use at exit: 0 bytes in 0 blocks
==4624==   total heap usage: 468 allocs, 468 frees, 135,793 bytes allocated
==4624== 
==4624== All heap blocks were freed -- no leaks are possible
==4624== 
==4624== For counts of detected and suppressed errors, rerun with: -v
==4624== ERROR SUMMARY: 0 errors from 0 contexts (suppressed: 0 from 0)
<end of output>
Test time =   1.96 sec
----------------------------------------------------------
Test Passed.
"HeapTest.ConstructionDestruction" end time: Nov 29 04:07 UTC
"HeapTest.ConstructionDestruction" time elapsed: 00:00:01
----------------------------------------------------------

27/50 Testing: HeapTest.InitiallyEmpty
27/50 Test: HeapTest.InitiallyEmpty
Command: "/usr/bin/valgrind" "--tool=memcheck" "--leak-check=yes" "--trace-children=no" "/home/codio/workspace/hw3/hw3_tests/heap_tests/heap_tests" "--gtest_filter=HeapTest.InitiallyEmpty"
Directory: /home/codio/workspace/hw3/hw3_tests/heap_tests
"HeapTest.InitiallyEmpty" start time: Nov 29 04:07 UTC
Output:
----------------------------------------------------------
==4625== Memcheck, a memory error detector
==4625== Copyright (C) 2002-2017, and GNU GPL'd, by Julian Seward et al.
==4625== Using Valgrind-3.13.0 and LibVEX; rerun with -h for copyright info
==4625== Command: /home/codio/workspace/hw3/hw3_tests/heap_tests/heap_tests --gtest_filter=HeapTest.InitiallyEmpty
==4625== 
Running main() from /home/codio/googletest/googletest/src/gtest_main.cc
Note: Google Test filter = HeapTest.InitiallyEmpty
[==========] Running 1 test from 1 test suite.
[----------] Global test environment set-up.
[----------] 1 test from HeapTest
[ RUN      ] HeapTest.InitiallyEmpty
[       OK ] HeapTest.InitiallyEmpty (24 ms)
[----------] 1 test from HeapTest (36 ms total)

[----------] Global test environment tear-down
[==========] 1 test from 1 test suite ran. (104 ms total)
[  PASSED  ] 1 test.
==4625== 
==4625== HEAP SUMMARY:
==4625==     in use at exit: 0 bytes in 0 blocks
==4625==   total heap usage: 468 allocs, 468 frees, 135,697 bytes allocated
==4625== 
==4625== All heap blocks were freed -- no leaks are possible
==4625== 
==4625== For counts of detected and suppressed errors, rerun with: -v
==4625== ERROR SUMMARY: 0 errors from 0 contexts (suppressed: 0 from 0)
<end of output>
Test time =   1.89 sec
----------------------------------------------------------
Test Passed.
"HeapTest.InitiallyEmpty" end time: Nov 29 04:08 UTC
"HeapTest.InitiallyEmpty" time elapsed: 00:00:01
----------------------------------------------------------

28/50 Testing: HeapTest.EmptyTopException
28/50 Test: HeapTest.EmptyTopException
Command: "/usr/bin/valgrind" "--tool=memcheck" "--leak-check=yes" "--trace-children=no" "/home/codio/workspace/hw3/hw3_tests/heap_tests/heap_tests" "--gtest_filter=HeapTest.EmptyTopException"
Directory: /home/codio/workspace/hw3/hw3_tests/heap_tests
"HeapTest.EmptyTopException" start time: Nov 29 04:08 UTC
Output:
----------------------------------------------------------
==4626== Memcheck, a memory error detector
==4626== Copyright (C) 2002-2017, and GNU GPL'd, by Julian Seward et al.
==4626== Using Valgrind-3.13.0 and LibVEX; rerun with -h for copyright info
==4626== Command: /home/codio/workspace/hw3/hw3_tests/heap_tests/heap_tests --gtest_filter=HeapTest.EmptyTopException
==4626== 
Running main() from /home/codio/googletest/googletest/src/gtest_main.cc
Note: Google Test filter = HeapTest.EmptyTopException
[==========] Running 1 test from 1 test suite.
[----------] Global test environment set-up.
[----------] 1 test from HeapTest
[ RUN      ] HeapTest.EmptyTopException
[       OK ] HeapTest.EmptyTopException (75 ms)
[----------] 1 test from HeapTest (85 ms total)

[----------] Global test environment tear-down
[==========] 1 test from 1 test suite ran. (151 ms total)
[  PASSED  ] 1 test.
==4626== 
==4626== HEAP SUMMARY:
==4626==     in use at exit: 0 bytes in 0 blocks
==4626==   total heap usage: 470 allocs, 470 frees, 135,901 bytes allocated
==4626== 
==4626== All heap blocks were freed -- no leaks are possible
==4626== 
==4626== For counts of detected and suppressed errors, rerun with: -v
==4626== ERROR SUMMARY: 0 errors from 0 contexts (suppressed: 0 from 0)
<end of output>
Test time =   1.87 sec
----------------------------------------------------------
Test Passed.
"HeapTest.EmptyTopException" end time: Nov 29 04:08 UTC
"HeapTest.EmptyTopException" time elapsed: 00:00:01
----------------------------------------------------------

29/50 Testing: HeapTest.EmptyPopException
29/50 Test: HeapTest.EmptyPopException
Command: "/usr/bin/valgrind" "--tool=memcheck" "--leak-check=yes" "--trace-children=no" "/home/codio/workspace/hw3/hw3_tests/heap_tests/heap_tests" "--gtest_filter=HeapTest.EmptyPopException"
Directory: /home/codio/workspace/hw3/hw3_tests/heap_tests
"HeapTest.EmptyPopException" start time: Nov 29 04:08 UTC
Output:
----------------------------------------------------------
==4627== Memcheck, a memory error detector
==4627== Copyright (C) 2002-2017, and GNU GPL'd, by Julian Seward et al.
==4627== Using Valgrind-3.13.0 and LibVEX; rerun with -h for copyright info
==4627== Command: /home/codio/workspace/hw3/hw3_tests/heap_tests/heap_tests --gtest_filter=HeapTest.EmptyPopException
==4627== 
Running main() from /home/codio/googletest/googletest/src/gtest_main.cc
Note: Google Test filter = HeapTest.EmptyPopException
[==========] Running 1 test from 1 test suite.
[----------] Global test environment set-up.
[----------] 1 test from HeapTest
[ RUN      ] HeapTest.EmptyPopException
[       OK ] HeapTest.EmptyPopException (88 ms)
[----------] 1 test from HeapTest (103 ms total)

[----------] Global test environment tear-down
[==========] 1 test from 1 test suite ran. (182 ms total)
[  PASSED  ] 1 test.
==4627== 
==4627== HEAP SUMMARY:
==4627==     in use at exit: 0 bytes in 0 blocks
==4627==   total heap usage: 470 allocs, 470 frees, 135,901 bytes allocated
==4627== 
==4627== All heap blocks were freed -- no leaks are possible
==4627== 
==4627== For counts of detected and suppressed errors, rerun with: -v
==4627== ERROR SUMMARY: 0 errors from 0 contexts (suppressed: 0 from 0)
<end of output>
Test time =   2.16 sec
----------------------------------------------------------
Test Passed.
"HeapTest.EmptyPopException" end time: Nov 29 04:08 UTC
"HeapTest.EmptyPopException" time elapsed: 00:00:02
----------------------------------------------------------

30/50 Testing: HeapTest.SingleItemNonempty
30/50 Test: HeapTest.SingleItemNonempty
Command: "/usr/bin/valgrind" "--tool=memcheck" "--leak-check=yes" "--trace-children=no" "/home/codio/workspace/hw3/hw3_tests/heap_tests/heap_tests" "--gtest_filter=HeapTest.SingleItemNonempty"
Directory: /home/codio/workspace/hw3/hw3_tests/heap_tests
"HeapTest.SingleItemNonempty" start time: Nov 29 04:08 UTC
Output:
----------------------------------------------------------
==4628== Memcheck, a memory error detector
==4628== Copyright (C) 2002-2017, and GNU GPL'd, by Julian Seward et al.
==4628== Using Valgrind-3.13.0 and LibVEX; rerun with -h for copyright info
[...]
==4639== Copyright (C) 2002-2017, and GNU GPL'd, by Julian Seward et al.
==4639== Using Valgrind-3.13.0 and LibVEX; rerun with -h for copyright info
==4639== Command: /home/codio/workspace/hw3/hw3_tests/heap_tests/heap_tests --gtest_filter=HeapTest.ThreeElementPush_10_0_5
==4639== 
Running main() from /home/codio/googletest/googletest/src/gtest_main.cc
Note: Google Test filter = HeapTest.ThreeElementPush_10_0_5
[==========] Running 1 test from 1 test suite.
[----------] Global test environment set-up.
[----------] 1 test from HeapTest
[ RUN      ] HeapTest.ThreeElementPush_10_0_5
[       OK ] HeapTest.ThreeElementPush_10_0_5 (45 ms)
[----------] 1 test from HeapTest (70 ms total)

[----------] Global test environment tear-down
[==========] 1 test from 1 test suite ran. (140 ms total)
[  PASSED  ] 1 test.
==4639== 
==4639== HEAP SUMMARY:
==4639==     in use at exit: 0 bytes in 0 blocks
==4639==   total heap usage: 471 allocs, 471 frees, 135,821 bytes allocated
==4639== 
==4639== All heap blocks were freed -- no leaks are possible
==4639== 
==4639== For counts of detected and suppressed errors, rerun with: -v
==4639== ERROR SUMMARY: 0 errors from 0 contexts (suppressed: 0 from 0)
<end of output>
Test time =   2.07 sec
----------------------------------------------------------
Test Passed.
"HeapTest.ThreeElementPush_10_0_5" end time: Nov 29 04:08 UTC
"HeapTest.ThreeElementPush_10_0_5" time elapsed: 00:00:02
----------------------------------------------------------

42/50 Testing: HeapTest.ThreeElementPush_10_5_0
42/50 Test: HeapTest.ThreeElementPush_10_5_0
Command: "/usr/bin/valgrind" "--tool=memcheck" "--leak-check=yes" "--trace-children=no" "/home/codio/workspace/hw3/hw3_tests/heap_tests/heap_tests" "--gtest_filter=HeapTest.ThreeElementPush_10_5_0"
Directory: /home/codio/workspace/hw3/hw3_tests/heap_tests
"HeapTest.ThreeElementPush_10_5_0" start time: Nov 29 04:08 UTC
Output:
----------------------------------------------------------
==4640== Memcheck, a memory error detector
==4640== Copyright (C) 2002-2017, and GNU GPL'd, by Julian Seward et al.
==4640== Using Valgrind-3.13.0 and LibVEX; rerun with -h for copyright info
==4640== Command: /home/codio/workspace/hw3/hw3_tests/heap_tests/heap_tests --gtest_filter=HeapTest.ThreeElementPush_10_5_0
==4640== 
Running main() from /home/codio/googletest/googletest/src/gtest_main.cc
Note: Google Test filter = HeapTest.ThreeElementPush_10_5_0
[==========] Running 1 test from 1 test suite.
[----------] Global test environment set-up.
[----------] 1 test from HeapTest
[ RUN      ] HeapTest.ThreeElementPush_10_5_0
[       OK ] HeapTest.ThreeElementPush_10_5_0 (41 ms)
[----------] 1 test from HeapTest (53 ms total)

[----------] Global test environment tear-down
[==========] 1 test from 1 test suite ran. (118 ms total)
[  PASSED  ] 1 test.
==4640== 
==4640== HEAP SUMMARY:
==4640==     in use at exit: 0 bytes in 0 blocks
==4640==   total heap usage: 471 allocs, 471 frees, 135,821 bytes allocated
==4640== 
==4640== All heap blocks were freed -- no leaks are possible
==4640== 
==4640== For counts of detected and suppressed errors, rerun with: -v
==4640== ERROR SUMMARY: 0 errors from 0 contexts (suppressed: 0 from 0)
<end of output>
Test time =   1.85 sec
----------------------------------------------------------
Test Passed.
"HeapTest.ThreeElementPush_10_5_0" end time: Nov 29 04:08 UTC
"HeapTest.ThreeElementPush_10_5_0" time elapsed: 00:00:01
----------------------------------------------------------

43/50 Testing: HeapTest.GreaterComparator
43/50 Test: HeapTest.GreaterComparator
Command: "/usr/bin/valgrind" "--tool=memcheck" "--leak-check=yes" "--trace-children=no" "/home/codio/workspace/hw3/hw3_tests/heap_tests/heap_tests" "--gtest_filter=HeapTest.GreaterComparator"
Directory: /home/codio/workspace/hw3/hw3_tests/heap_tests
"HeapTest.GreaterComparator" start time: Nov 29 04:08 UTC
Output:
----------------------------------------------------------
==4641== Memcheck, a memory error detector
==4641== Copyright (C) 2002-2017, and GNU GPL'd, by Julian Seward et al.
==4641== Using Valgrind-3.13.0 and LibVEX; rerun with -h for copyright info
==4641== Command: /home/codio/workspace/hw3/hw3_tests/heap_tests/heap_tests --gtest_filter=HeapTest.GreaterComparator
==4641== 
Running main() from /home/codio/googletest/googletest/src/gtest_main.cc
Note: Google Test filter = HeapTest.GreaterComparator
[==========] Running 1 test from 1 test suite.
[----------] Global test environment set-up.
[----------] 1 test from HeapTest
[ RUN      ] HeapTest.GreaterComparator
[       OK ] HeapTest.GreaterComparator (41 ms)
[----------] 1 test from HeapTest (53 ms total)

[----------] Global test environment tear-down
[==========] 1 test from 1 test suite ran. (117 ms total)
[  PASSED  ] 1 test.
==4641== 
==4641== HEAP SUMMARY:
==4641==     in use at exit: 0 bytes in 0 blocks
==4641==   total heap usage: 471 allocs, 471 frees, 135,755 bytes allocated
==4641== 
==4641== All heap blocks were freed -- no leaks are possible
==4641== 
==4641== For counts of detected and suppressed errors, rerun with: -v
==4641== ERROR SUMMARY: 0 errors from 0 contexts (suppressed: 0 from 0)
<end of output>
Test time =   1.75 sec
----------------------------------------------------------
Test Passed.
"HeapTest.GreaterComparator" end time: Nov 29 04:08 UTC
"HeapTest.GreaterComparator" time elapsed: 00:00:01
----------------------------------------------------------

44/50 Testing: HeapTest.StringStorage
44/50 Test: HeapTest.StringStorage
Command: "/usr/bin/valgrind" "--tool=memcheck" "--leak-check=yes" "--trace-children=no" "/home/codio/workspace/hw3/hw3_tests/heap_tests/heap_tests" "--gtest_filter=HeapTest.StringStorage"
Directory: /home/codio/workspace/hw3/hw3_tests/heap_tests
"HeapTest.StringStorage" start time: Nov 29 04:08 UTC
Output:
----------------------------------------------------------
==4642== Memcheck, a memory error detector
==4642== Copyright (C) 2002-2017, and GNU GPL'd, by Julian Seward et al.
==4642== Using Valgrind-3.13.0 and LibVEX; rerun with -h for copyright info
==4642== Command: /home/codio/workspace/hw3/hw3_tests/heap_tests/heap_tests --gtest_filter=HeapTest.StringStorage
==4642== 
Running main() from /home/codio/googletest/googletest/src/gtest_main.cc
Note: Google Test filter = HeapTest.StringStorage
[==========] Running 1 test from 1 test suite.
[----------] Global test environment set-up.
[----------] 1 test from HeapTest
[ RUN      ] HeapTest.StringStorage
[       OK ] HeapTest.StringStorage (32 ms)
[----------] 1 test from HeapTest (41 ms total)

[----------] Global test environment tear-down
[==========] 1 test from 1 test suite ran. (96 ms total)
[  PASSED  ] 1 test.
==4642== 
==4642== HEAP SUMMARY:
==4642==     in use at exit: 0 bytes in 0 blocks
==4642==   total heap usage: 471 allocs, 471 frees, 135,911 bytes allocated
==4642== 
==4642== All heap blocks were freed -- no leaks are possible
==4642== 
==4642== For counts of detected and suppressed errors, rerun with: -v
==4642== ERROR SUMMARY: 0 errors from 0 contexts (suppressed: 0 from 0)
<end of output>
Test time =   1.63 sec
----------------------------------------------------------
Test Passed.
"HeapTest.StringStorage" end time: Nov 29 04:08 UTC
"HeapTest.StringStorage" time elapsed: 00:00:01
----------------------------------------------------------

45/50 Testing: HeapTest.FiveElementPush_TrinaryHeap
45/50 Test: HeapTest.FiveElementPush_TrinaryHeap
Command: "/usr/bin/valgrind" "--tool=memcheck" "--leak-check=yes" "--trace-children=no" "/home/codio/workspace/hw3/hw3_tests/heap_tests/heap_tests" "--gtest_filter=HeapTest.FiveElementPush_TrinaryHeap"
Directory: /home/codio/workspace/hw3/hw3_tests/heap_tests
"HeapTest.FiveElementPush_TrinaryHeap" start time: Nov 29 04:08 UTC
Output:
----------------------------------------------------------
==4643== Memcheck, a memory error detector
==4643== Copyright (C) 2002-2017, and GNU GPL'd, by Julian Seward et al.
==4643== Using Valgrind-3.13.0 and LibVEX; rerun with -h for copyright info
==4643== Command: /home/codio/workspace/hw3/hw3_tests/heap_tests/heap_tests --gtest_filter=HeapTest.FiveElementPush_TrinaryHeap
==4643== 
Running main() from /home/codio/googletest/googletest/src/gtest_main.cc
Note: Google Test filter = HeapTest.FiveElementPush_TrinaryHeap
[==========] Running 1 test from 1 test suite.
[----------] Global test environment set-up.
[----------] 1 test from HeapTest
[ RUN      ] HeapTest.FiveElementPush_TrinaryHeap
[       OK ] HeapTest.FiveElementPush_TrinaryHeap (38 ms)
[----------] 1 test from HeapTest (48 ms total)

[----------] Global test environment tear-down
[==========] 1 test from 1 test suite ran. (109 ms total)
[  PASSED  ] 1 test.
==4643== 
==4643== HEAP SUMMARY:
==4643==     in use at exit: 0 bytes in 0 blocks
==4643==   total heap usage: 472 allocs, 472 frees, 135,905 bytes allocated
==4643== 
==4643== All heap blocks were freed -- no leaks are possible
==4643== 
==4643== For counts of detected and suppressed errors, rerun with: -v
==4643== ERROR SUMMARY: 0 errors from 0 contexts (suppressed: 0 from 0)
<end of output>
Test time =   1.72 sec
----------------------------------------------------------
Test Passed.
"HeapTest.FiveElementPush_TrinaryHeap" end time: Nov 29 04:08 UTC
"HeapTest.FiveElementPush_TrinaryHeap" time elapsed: 00:00:01
----------------------------------------------------------

46/50 Testing: HeapTest.SixElementPush_QuaternaryHeap
46/50 Test: HeapTest.SixElementPush_QuaternaryHeap
Command: "/usr/bin/valgrind" "--tool=memcheck" "--leak-check=yes" "--trace-children=no" "/home/codio/workspace/hw3/hw3_tests/heap_tests/heap_tests" "--gtest_filter=HeapTest.SixElementPush_QuaternaryHeap"
Directory: /home/codio/workspace/hw3/hw3_tests/heap_tests
"HeapTest.SixElementPush_QuaternaryHeap" start time: Nov 29 04:08 UTC
Output:
----------------------------------------------------------
==4644== Memcheck, a memory error detector
==4644== Copyright (C) 2002-2017, and GNU GPL'd, by Julian Seward et al.
==4644== Using Valgrind-3.13.0 and LibVEX; rerun with -h for copyright info
==4644== Command: /home/codio/workspace/hw3/hw3_tests/heap_tests/heap_tests --gtest_filter=HeapTest.SixElementPush_QuaternaryHeap
==4644== 
Running main() from /home/codio/googletest/googletest/src/gtest_main.cc
Note: Google Test filter = HeapTest.SixElementPush_QuaternaryHeap
[==========] Running 1 test from 1 test suite.
[----------] Global test environment set-up.
[----------] 1 test from HeapTest
[ RUN      ] HeapTest.SixElementPush_QuaternaryHeap
[       OK ] HeapTest.SixElementPush_QuaternaryHeap (42 ms)
[----------] 1 test from HeapTest (52 ms total)

[----------] Global test environment tear-down
[==========] 1 test from 1 test suite ran. (106 ms total)
[  PASSED  ] 1 test.
==4644== 
==4644== HEAP SUMMARY:
==4644==     in use at exit: 0 bytes in 0 blocks
==4644==   total heap usage: 472 allocs, 472 frees, 135,931 bytes allocated
==4644== 
==4644== All heap blocks were freed -- no leaks are possible
==4644== 
==4644== For counts of detected and suppressed errors, rerun with: -v
==4644== ERROR SUMMARY: 0 errors from 0 contexts (suppressed: 0 from 0)
<end of output>
Test time =   1.66 sec
----------------------------------------------------------
Test Passed.
"HeapTest.SixElementPush_QuaternaryHeap" end time: Nov 29 04:08 UTC
"HeapTest.SixElementPush_QuaternaryHeap" time elapsed: 00:00:01
----------------------------------------------------------

47/50 Testing: HeapStress.50x50RandomElements_BinaryHeap
47/50 Test: HeapStress.50x50RandomElements_BinaryHeap
Command: "/usr/bin/valgrind" "--tool=memcheck" "--leak-check=yes" "--trace-children=no" "/home/codio/workspace/hw3/hw3_tests/heap_tests/heap_tests" "--gtest_filter=HeapStress.50x50RandomElements_BinaryHeap"
Directory: /home/codio/workspace/hw3/hw3_tests/heap_tests
"HeapStress.50x50RandomElements_BinaryHeap" start time: Nov 29 04:08 UTC
Output:
----------------------------------------------------------
==4645== Memcheck, a memory error detector
==4645== Copyright (C) 2002-2017, and GNU GPL'd, by Julian Seward et al.
==4645== Using Valgrind-3.13.0 and LibVEX; rerun with -h for copyright info
==4645== Command: /home/codio/workspace/hw3/hw3_tests/heap_tests/heap_tests --gtest_filter=HeapStress.50x50RandomElements_BinaryHeap
==4645== 
Running main() from /home/codio/googletest/googletest/src/gtest_main.cc
Note: Google Test filter = HeapStress.50x50RandomElements_BinaryHeap
[==========] Running 1 test from 1 test suite.
[----------] Global test environment set-up.
[----------] 1 test from HeapStress
[ RUN      ] HeapStress.50x50RandomElements_BinaryHeap
[       OK ] HeapStress.50x50RandomElements_BinaryHeap (279 ms)
[----------] 1 test from HeapStress (290 ms total)

[----------] Global test environment tear-down
[==========] 1 test from 1 test suite ran. (348 ms total)
[  PASSED  ] 1 test.
==4645== 
==4645== HEAP SUMMARY:
==4645==     in use at exit: 0 bytes in 0 blocks
==4645==   total heap usage: 969 allocs, 969 frees, 183,502 bytes allocated
==4645== 
==4645== All heap blocks were freed -- no leaks are possible
==4645== 
==4645== For counts of detected and suppressed errors, rerun with: -v
==4645== ERROR SUMMARY: 0 errors from 0 contexts (suppressed: 0 from 0)
<end of output>
Test time =   1.86 sec
----------------------------------------------------------
Test Passed.
"HeapStress.50x50RandomElements_BinaryHeap" end time: Nov 29 04:08 UTC
"HeapStress.50x50RandomElements_BinaryHeap" time elapsed: 00:00:01
----------------------------------------------------------

48/50 Testing: HeapStress.50x50RandomElements_QuaternaryHeap
48/50 Test: HeapStress.50x50RandomElements_QuaternaryHeap
Command: "/usr/bin/valgrind" "--tool=memcheck" "--leak-check=yes" "--trace-children=no" "/home/codio/workspace/hw3/hw3_tests/heap_tests/heap_tests" "--gtest_filter=HeapStress.50x50RandomElements_QuaternaryHeap"
Directory: /home/codio/workspace/hw3/hw3_tests/heap_tests
"HeapStress.50x50RandomElements_QuaternaryHeap" start time: Nov 29 04:08 UTC
Output:
----------------------------------------------------------
==4646== Memcheck, a memory error detector
==4646== Copyright (C) 2002-2017, and GNU GPL'd, by Julian Seward et al.
==4646== Using Valgrind-3.13.0 and LibVEX; rerun with -h for copyright info
==4646== Command: /home/codio/workspace/hw3/hw3_tests/heap_tests/heap_tests --gtest_filter=HeapStress.50x50RandomElements_QuaternaryHeap
==4646== 
Running main() from /home/codio/googletest/googletest/src/gtest_main.cc
Note: Google Test filter = HeapStress.50x50RandomElements_QuaternaryHeap
[==========] Running 1 test from 1 test suite.
[----------] Global test environment set-up.
[----------] 1 test from HeapStress
[ RUN      ] HeapStress.50x50RandomElements_QuaternaryHeap
[       OK ] HeapStress.50x50RandomElements_QuaternaryHeap (250 ms)
[----------] 1 test from HeapStress (261 ms total)

[----------] Global test environment tear-down
[==========] 1 test from 1 test suite ran. (327 ms total)
[  PASSED  ] 1 test.
==4646== 
==4646== HEAP SUMMARY:
==4646==     in use at exit: 0 bytes in 0 blocks
==4646==   total heap usage: 969 allocs, 969 frees, 183,554 bytes allocated
==4646== 
==4646== All heap blocks were freed -- no leaks are possible
==4646== 
==4646== For counts of detected and suppressed errors, rerun with: -v
==4646== ERROR SUMMARY: 0 errors from 0 contexts (suppressed: 0 from 0)
<end of output>
Test time =   2.47 sec
----------------------------------------------------------
Test Passed.
"HeapStress.50x50RandomElements_QuaternaryHeap" end time: Nov 29 04:08 UTC
"HeapStress.50x50RandomElements_QuaternaryHeap" time elapsed: 00:00:02
----------------------------------------------------------

49/50 Testing: HeapStress.50x50RandomElements_DodecenaryHeap
49/50 Test: HeapStress.50x50RandomElements_DodecenaryHeap
Command: "/usr/bin/valgrind" "--tool=memcheck" "--leak-check=yes" "--trace-children=no" "/home/codio/workspace/hw3/hw3_tests/heap_tests/heap_tests" "--gtest_filter=HeapStress.50x50RandomElements_DodecenaryHeap"
Directory: /home/codio/workspace/hw3/hw3_tests/heap_tests
"HeapStress.50x50RandomElements_DodecenaryHeap" start time: Nov 29 04:08 UTC
Output:
----------------------------------------------------------
==4647== Memcheck, a memory error detector
==4647== Copyright (C) 2002-2017, and GNU GPL'd, by Julian Seward et al.
==4647== Using Valgrind-3.13.0 and LibVEX; rerun with -h for copyright info
==4647== Command: /home/codio/workspace/hw3/hw3_tests/heap_tests/heap_tests --gtest_filter=HeapStress.50x50RandomElements_DodecenaryHeap
==4647== 
Running main() from /home/codio/googletest/googletest/src/gtest_main.cc
Note: Google Test filter = HeapStress.50x50RandomElements_DodecenaryHeap
[==========] Running 1 test from 1 test suite.
[----------] Global test environment set-up.
[----------] 1 test from HeapStress
[ RUN      ] HeapStress.50x50RandomElements_DodecenaryHeap
[       OK ] HeapStress.50x50RandomElements_DodecenaryHeap (223 ms)
[----------] 1 test from HeapStress (232 ms total)

[----------] Global test environment tear-down
[==========] 1 test from 1 test suite ran. (294 ms total)
[  PASSED  ] 1 test.
==4647== 
==4647== HEAP SUMMARY:
==4647==     in use at exit: 0 bytes in 0 blocks
==4647==   total heap usage: 969 allocs, 969 frees, 183,554 bytes allocated
==4647== 
==4647== All heap blocks were freed -- no leaks are possible
==4647== 
==4647== For counts of detected and suppressed errors, rerun with: -v
==4647== ERROR SUMMARY: 0 errors from 0 contexts (suppressed: 0 from 0)
<end of output>
Test time =   1.86 sec
----------------------------------------------------------
Test Passed.
"HeapStress.50x50RandomElements_DodecenaryHeap" end time: Nov 29 04:08 UTC
"HeapStress.50x50RandomElements_DodecenaryHeap" time elapsed: 00:00:01
----------------------------------------------------------

50/50 Testing: HeapStress.2x2000RandomElements_Binary
50/50 Test: HeapStress.2x2000RandomElements_Binary
Command: "/usr/bin/valgrind" "--tool=memcheck" "--leak-check=yes" "--trace-children=no" "/home/codio/workspace/hw3/hw3_tests/heap_tests/heap_tests" "--gtest_filter=HeapStress.2x2000RandomElements_Binary"
Directory: /home/codio/workspace/hw3/hw3_tests/heap_tests
"HeapStress.2x2000RandomElements_Binary" start time: Nov 29 04:08 UTC
Output:
----------------------------------------------------------
==4648== Memcheck, a memory error detector
==4648== Copyright (C) 2002-2017, and GNU GPL'd, by Julian Seward et al.
==4648== Using Valgrind-3.13.0 and LibVEX; rerun with -h for copyright info
==4648== Command: /home/codio/workspace/hw3/hw3_tests/heap_tests/heap_tests --gtest_filter=HeapStress.2x2000RandomElements_Binary
==4648== 
Running main() from /home/codio/googletest/googletest/src/gtest_main.cc
Note: Google Test filter = HeapStress.2x2000RandomElements_Binary
[==========] Running 1 test from 1 test suite.
[----------] Global test environment set-up.
[----------] 1 test from HeapStress
[ RUN      ] HeapStress.2x2000RandomElements_Binary
[       OK ] HeapStress.2x2000RandomElements_Binary (12020 ms)
[----------] 1 test from HeapStress (12031 ms total)

[----------] Global test environment tear-down
[==========] 1 test from 1 test suite ran. (12091 ms total)
[  PASSED  ] 1 test.
==4648== 
==4648== HEAP SUMMARY:
==4648==     in use at exit: 0 bytes in 0 blocks
==4648==   total heap usage: 499 allocs, 499 frees, 200,711 bytes allocated
==4648== 
==4648== All heap blocks were freed -- no leaks are possible
==4648== 
==4648== For counts of detected and suppressed errors, rerun with: -v
==4648== ERROR SUMMARY: 0 errors from 0 contexts (suppressed: 0 from 0)
<end of output>
Test time =  13.60 sec
----------------------------------------------------------
Test Passed.
"HeapStress.2x2000RandomElements_Binary" end time: Nov 29 04:08 UTC
"HeapStress.2x2000RandomElements_Binary" time elapsed: 00:00:13
----------------------------------------------------------

End testing: Nov 29 04:08 UTC
